[0905/024434.294:ERROR:process_reader_win.cc(127)] NtOpenThread: {Access Denied} A process has requested access to an object, but has not been granted those access rights. (0xc0000022)
[0905/024434.466:ERROR:exception_snapshot_win.cc(100)] thread ID 16064 not found in process
[0905/024435.297:ERROR:minidumpwritedump_with_crashpad_info.cc(452)] Failed to call MiniDumpWriteDump: Access is denied. (0x80070005)
[0905/024435.297:ERROR:minidumpwritedump_with_crashpad_info.cc(661)] Failed to write minidump file
[0905/024435.297:ERROR:crash_report_exception_handler.cc(132)] TryMiniDumpWriteDumpWithCrashpadInfo failed
[0905/024435.313:ERROR:process_memory_win.cc(73)] ReadMemory at 0x7ff60a890000 of 64 bytes failed: Only part of a ReadProcessMemory or WriteProcessMemory request was completed. (0x12B)
[0905/024435.313:WARNING:pe_image_reader.cc(340)] could not read dos header from C:\Program Files (x86)\Microsoft\Edge\Application\msedge.exe
[0905/024435.313:ERROR:process_memory_win.cc(73)] ReadMemory at 0x7ff8c2b40000 of 64 bytes failed: Only part of a ReadProcessMemory or WriteProcessMemory request was completed. (0x12B)
[0905/024435.313:WARNING:pe_image_reader.cc(340)] could not read dos header from C:\WINDOWS\SYSTEM32\ntdll.dll
[0905/024435.313:ERROR:process_memory_win.cc(73)] ReadMemory at 0x7ff8c2780000 of 64 bytes failed: Only part of a ReadProcessMemory or WriteProcessMemory request was completed. (0x12B)
[0905/024435.313:WARNING:pe_image_reader.cc(340)] could not read dos header from C:\WINDOWS\System32\KERNEL32.DLL
[0905/024435.313:ERROR:process_memory_win.cc(73)] ReadMemory at 0x7ff8bfbd0000 of 64 bytes failed: Only part of a ReadProcessMemory or WriteProcessMemory request was completed. (0x12B)
[0905/024435.313:WARNING:pe_image_reader.cc(340)] could not read dos header from C:\WINDOWS\System32\KERNELBASE.dll
[0905/024435.313:ERROR:process_memory_win.cc(73)] ReadMemory at 0x7ff8bdbb0000 of 64 bytes failed: Only part of a ReadProcessMemory or WriteProcessMemory request was completed. (0x12B)
[0905/024435.313:WARNING:pe_image_reader.cc(340)] could not read dos header from C:\WINDOWS\SYSTEM32\apphelp.dll
[0905/024435.313:ERROR:process_memory_win.cc(73)] ReadMemory at 0x7ff8aeaf0000 of 64 bytes failed: Only part of a ReadProcessMemory or WriteProcessMemory request was completed. (0x12B)
[0905/024435.313:WARNING:pe_image_reader.cc(340)] could not read dos header from C:\Program Files (x86)\Microsoft\Edge\Application\85.0.564.41\msedge_elf.dll
[0905/024435.313:ERROR:process_memory_win.cc(73)] ReadMemory at 0x7ff8bfe80000 of 64 bytes failed: Only part of a ReadProcessMemory or WriteProcessMemory request was completed. (0x12B)
[0905/024435.313:WARNING:pe_image_reader.cc(340)] could not read dos header from C:\WINDOWS\System32\bcryptPrimitives.dll
[0905/024435.313:ERROR:process_memory_win.cc(73)] ReadMemory at 0x7ff8c1570000 of 64 bytes failed: Only part of a ReadProcessMemory or WriteProcessMemory request was completed. (0x12B)
[0905/024435.313:WARNING:pe_image_reader.cc(340)] could not read dos header from C:\WINDOWS\System32\ADVAPI32.dll
[0905/024435.313:ERROR:process_memory_win.cc(73)] ReadMemory at 0x7ff8c2850000 of 64 bytes failed: Only part of a ReadProcessMemory or WriteProcessMemory request was completed. (0x12B)
[0905/024435.313:WARNING:pe_image_reader.cc(340)] could not read dos header from C:\WINDOWS\System32\msvcrt.dll
[0905/024435.313:ERROR:process_memory_win.cc(73)] ReadMemory at 0x7ff8c2660000 of 64 bytes failed: Only part of a ReadProcessMemory or WriteProcessMemory request was completed. (0x12B)
[0905/024435.313:WARNING:pe_image_reader.cc(340)] could not read dos header from C:\WINDOWS\System32\sechost.dll
[0905/024435.313:ERROR:process_memory_win.cc(73)] ReadMemory at 0x7ff8c0df0000 of 64 bytes failed: Only part of a ReadProcessMemory or WriteProcessMemory request was completed. (0x12B)
[0905/024435.313:WARNING:pe_image_reader.cc(340)] could not read dos header from C:\WINDOWS\System32\RPCRT4.dll
[0905/024435.313:ERROR:process_memory_win.cc(73)] ReadMemory at 0x7ff8c2710000 of 64 bytes failed: Only part of a ReadProcessMemory or WriteProcessMemory request was completed. (0x12B)
[0905/024435.313:WARNING:pe_image_reader.cc(340)] could not read dos header from C:\WINDOWS\System32\WS2_32.dll
[0905/024435.313:ERROR:process_memory_win.cc(73)] ReadMemory at 0x7ff8c0bf0000 of 64 bytes failed: Only part of a ReadProcessMemory or WriteProcessMemory request was completed. (0x12B)
[0905/024435.313:WARNING:pe_image_reader.cc(340)] could not read dos header from C:\WINDOWS\System32\OLEAUT32.dll
[0905/024435.313:ERROR:process_memory_win.cc(73)] ReadMemory at 0x7ff8c01f0000 of 64 bytes failed: Only part of a ReadProcessMemory or WriteProcessMemory request was completed. (0x12B)
[0905/024435.313:WARNING:pe_image_reader.cc(340)] could not read dos header from C:\WINDOWS\System32\msvcp_win.dll
[0905/024435.313:ERROR:process_memory_win.cc(73)] ReadMemory at 0x7ff8c00f0000 of 64 bytes failed: Only part of a ReadProcessMemory or WriteProcessMemory request was completed. (0x12B)
[0905/024435.313:WARNING:pe_image_reader.cc(340)] could not read dos header from C:\WINDOWS\System32\ucrtbase.dll
[0905/024435.313:ERROR:process_memory_win.cc(73)] ReadMemory at 0x7ff8c17c0000 of 64 bytes failed: Only part of a ReadProcessMemory or WriteProcessMemory request was completed. (0x12B)
[0905/024435.313:WARNING:pe_image_reader.cc(340)] could not read dos header from C:\WINDOWS\System32\combase.dll
[0905/024435.313:ERROR:process_memory_win.cc(73)] ReadMemory at 0x7ff8c0a20000 of 64 bytes failed: Only part of a ReadProcessMemory or WriteProcessMemory request was completed. (0x12B)
[0905/024435.313:WARNING:pe_image_reader.cc(340)] could not read dos header from C:\WINDOWS\System32\WINTRUST.dll
[0905/024435.313:ERROR:process_memory_win.cc(73)] ReadMemory at 0x7ff8bfaa0000 of 64 bytes failed: Only part of a ReadProcessMemory or WriteProcessMemory request was completed. (0x12B)
[0905/024435.313:WARNING:pe_image_reader.cc(340)] could not read dos header from C:\WINDOWS\System32\MSASN1.dll
[0905/024435.313:ERROR:process_memory_win.cc(73)] ReadMemory at 0x7ff8c0aa0000 of 64 bytes failed: Only part of a ReadProcessMemory or WriteProcessMemory request was completed. (0x12B)
[0905/024435.313:WARNING:pe_image_reader.cc(340)] could not read dos header from C:\WINDOWS\System32\CRYPT32.dll
[0905/024435.313:ERROR:process_memory_win.cc(73)] ReadMemory at 0x7ff8bef60000 of 64 bytes failed: Only part of a ReadProcessMemory or WriteProcessMemory request was completed. (0x12B)
[0905/024435.313:WARNING:pe_image_reader.cc(340)] could not read dos header from C:\WINDOWS\SYSTEM32\IPHLPAPI.DLL
[0905/024435.313:ERROR:process_memory_win.cc(73)] ReadMemory at 0x7ff8bcc50000 of 64 bytes failed: Only part of a ReadProcessMemory or WriteProcessMemory request was completed. (0x12B)
[0905/024435.313:WARNING:pe_image_reader.cc(340)] could not read dos header from C:\WINDOWS\SYSTEM32\WINMM.dll
[0905/024435.313:ERROR:process_memory_win.cc(73)] ReadMemory at 0x7ff8a2fa0000 of 64 bytes failed: Only part of a ReadProcessMemory or WriteProcessMemory request was completed. (0x12B)
[0905/024435.313:WARNING:pe_image_reader.cc(340)] could not read dos header from C:\WINDOWS\SYSTEM32\UIAutomationCore.DLL
[0905/024435.313:ERROR:process_memory_win.cc(73)] ReadMemory at 0x7ff8a9b60000 of 64 bytes failed: Only part of a ReadProcessMemory or WriteProcessMemory request was completed. (0x12B)
[0905/024435.313:WARNING:pe_image_reader.cc(340)] could not read dos header from C:\WINDOWS\SYSTEM32\Secur32.dll
[0905/024435.313:ERROR:process_memory_win.cc(73)] ReadMemory at 0x7ff8bf8e0000 of 64 bytes failed: Only part of a ReadProcessMemory or WriteProcessMemory request was completed. (0x12B)
[0905/024435.313:WARNING:pe_image_reader.cc(340)] could not read dos header from C:\WINDOWS\SYSTEM32\USERENV.dll
[0905/024435.313:ERROR:process_memory_win.cc(73)] ReadMemory at 0x7ff8bfa50000 of 64 bytes failed: Only part of a ReadProcessMemory or WriteProcessMemory request was completed. (0x12B)
[0905/024435.313:WARNING:pe_image_reader.cc(340)] could not read dos header from C:\WINDOWS\System32\profapi.dll
[0905/024435.313:ERROR:process_memory_win.cc(73)] ReadMemory at 0x7ff8b6f70000 of 64 bytes failed: Only part of a ReadProcessMemory or WriteProcessMemory request was completed. (0x12B)
[0905/024435.313:WARNING:pe_image_reader.cc(340)] could not read dos header from C:\WINDOWS\SYSTEM32\WINHTTP.dll
[0905/024435.313:ERROR:process_memory_win.cc(73)] ReadMemory at 0x7ff8afe70000 of 64 bytes failed: Only part of a ReadProcessMemory or WriteProcessMemory request was completed. (0x12B)
[0905/024435.313:WARNING:pe_image_reader.cc(340)] could not read dos header from C:\WINDOWS\SYSTEM32\DWrite.dll
[0905/024435.313:ERROR:process_memory_win.cc(73)] ReadMemory at 0x7ff8ad8f0000 of 64 bytes failed: Only part of a ReadProcessMemory or WriteProcessMemory request was completed. (0x12B)
[0905/024435.313:WARNING:pe_image_reader.cc(340)] could not read dos header from C:\WINDOWS\SYSTEM32\WINSPOOL.DRV
[0905/024435.313:ERROR:process_memory_win.cc(73)] ReadMemory at 0x7ff8bfa80000 of 64 bytes failed: Only part of a ReadProcessMemory or WriteProcessMemory request was completed. (0x12B)
[0905/024435.313:WARNING:pe_image_reader.cc(340)] could not read dos header from C:\WINDOWS\System32\kernel.appcore.dll
[0905/024435.313:ERROR:process_memory_win.cc(73)] ReadMemory at 0x7ff8bfac0000 of 64 bytes failed: Only part of a ReadProcessMemory or WriteProcessMemory request was completed. (0x12B)
[0905/024435.313:WARNING:pe_image_reader.cc(340)] could not read dos header from C:\WINDOWS\System32\bcrypt.dll
[0905/024435.313:ERROR:process_memory_win.cc(73)] ReadMemory at 0x7ff8a9420000 of 64 bytes failed: Only part of a ReadProcessMemory or WriteProcessMemory request was completed. (0x12B)
[0905/024435.313:WARNING:pe_image_reader.cc(340)] could not read dos header from C:\WINDOWS\SYSTEM32\dbghelp.dll
[0905/024435.313:ERROR:process_memory_win.cc(73)] ReadMemory at 0x7ff8bf520000 of 64 bytes failed: Only part of a ReadProcessMemory or WriteProcessMemory request was completed. (0x12B)
[0905/024435.313:WARNING:pe_image_reader.cc(340)] could not read dos header from C:\WINDOWS\SYSTEM32\ncrypt.dll
[0905/024435.313:ERROR:process_memory_win.cc(73)] ReadMemory at 0x7ff8b83a0000 of 64 bytes failed: Only part of a ReadProcessMemory or WriteProcessMemory request was completed. (0x12B)
[0905/024435.313:WARNING:pe_image_reader.cc(340)] could not read dos header from C:\WINDOWS\SYSTEM32\dhcpcsvc.DLL
[0905/024435.313:ERROR:process_memory_win.cc(73)] ReadMemory at 0x7ff8c2700000 of 64 bytes failed: Only part of a ReadProcessMemory or WriteProcessMemory request was completed. (0x12B)
[0905/024435.313:WARNING:pe_image_reader.cc(340)] could not read dos header from C:\WINDOWS\System32\NSI.dll
[0905/024435.313:ERROR:process_memory_win.cc(73)] ReadMemory at 0x7ff8bc660000 of 64 bytes failed: Only part of a ReadProcessMemory or WriteProcessMemory request was completed. (0x12B)
[0905/024435.313:WARNING:pe_image_reader.cc(340)] could not read dos header from C:\WINDOWS\SYSTEM32\WINMMBASE.dll
[0905/024435.313:ERROR:process_memory_win.cc(73)] ReadMemory at 0x7ff8c00a0000 of 64 bytes failed: Only part of a ReadProcessMemory or WriteProcessMemory request was completed. (0x12B)
[0905/024435.313:WARNING:pe_image_reader.cc(340)] could not read dos header from C:\WINDOWS\System32\cfgmgr32.dll
[0905/024435.313:ERROR:process_memory_win.cc(73)] ReadMemory at 0x7ff8bc390000 of 64 bytes failed: Only part of a ReadProcessMemory or WriteProcessMemory request was completed. (0x12B)
[0905/024435.313:WARNING:pe_image_reader.cc(340)] could not read dos header from C:\WINDOWS\SYSTEM32\PROPSYS.dll
[0905/024435.313:ERROR:process_memory_win.cc(73)] ReadMemory at 0x7ff8c1710000 of 64 bytes failed: Only part of a ReadProcessMemory or WriteProcessMemory request was completed. (0x12B)
[0905/024435.313:WARNING:pe_image_reader.cc(340)] could not read dos header from C:\WINDOWS\System32\shcore.dll
[0905/024435.313:ERROR:process_memory_win.cc(73)] ReadMemory at 0x7ff8bf4e0000 of 64 bytes failed: Only part of a ReadProcessMemory or WriteProcessMemory request was completed. (0x12B)
[0905/024435.313:WARNING:pe_image_reader.cc(340)] could not read dos header from C:\WINDOWS\SYSTEM32\NTASN1.dll
[0905/024435.313:ERROR:process_memory_win.cc(73)] ReadMemory at 0x7ff8bf910000 of 64 bytes failed: Only part of a ReadProcessMemory or WriteProcessMemory request was completed. (0x12B)
[0905/024435.313:WARNING:pe_image_reader.cc(340)] could not read dos header from C:\WINDOWS\SYSTEM32\SSPICLI.DLL
[0905/024435.313:ERROR:process_memory_win.cc(73)] ReadMemory at 0x7ff8bf420000 of 64 bytes failed: Only part of a ReadProcessMemory or WriteProcessMemory request was completed. (0x12B)
[0905/024435.313:WARNING:pe_image_reader.cc(340)] could not read dos header from C:\WINDOWS\SYSTEM32\CRYPTBASE.DLL
[0905/024435.313:ERROR:process_memory_win.cc(73)] ReadMemory at 0x7ff60a890000 of 64 bytes failed: Only part of a ReadProcessMemory or WriteProcessMemory request was completed. (0x12B)
[0905/024435.313:WARNING:pe_image_reader.cc(340)] could not read dos header from C:\Program Files (x86)\Microsoft\Edge\Application\msedge.exe
[0905/024435.313:ERROR:process_memory_win.cc(73)] ReadMemory at 0x7ff60a890000 of 64 bytes failed: Only part of a ReadProcessMemory or WriteProcessMemory request was completed. (0x12B)
[0905/024435.313:WARNING:pe_image_reader.cc(340)] could not read dos header from C:\Program Files (x86)\Microsoft\Edge\Application\msedge.exe
[0905/024435.313:ERROR:process_memory_win.cc(73)] ReadMemory at 0x7ff8c2b40000 of 64 bytes failed: Only part of a ReadProcessMemory or WriteProcessMemory request was completed. (0x12B)
[0905/024435.313:WARNING:pe_image_reader.cc(340)] could not read dos header from C:\WINDOWS\SYSTEM32\ntdll.dll
[0905/024435.313:ERROR:process_memory_win.cc(73)] ReadMemory at 0x7ff8c2b40000 of 64 bytes failed: Only part of a ReadProcessMemory or WriteProcessMemory request was completed. (0x12B)
[0905/024435.313:WARNING:pe_image_reader.cc(340)] could not read dos header from C:\WINDOWS\SYSTEM32\ntdll.dll
[0905/024435.313:ERROR:process_memory_win.cc(73)] ReadMemory at 0x7ff8c2780000 of 64 bytes failed: Only part of a ReadProcessMemory or WriteProcessMemory request was completed. (0x12B)
[0905/024435.313:WARNING:pe_image_reader.cc(340)] could not read dos header from C:\WINDOWS\System32\KERNEL32.DLL
[0905/024435.313:ERROR:process_memory_win.cc(73)] ReadMemory at 0x7ff8c2780000 of 64 bytes failed: Only part of a ReadProcessMemory or WriteProcessMemory request was completed. (0x12B)
[0905/024435.313:WARNING:pe_image_reader.cc(340)] could not read dos header from C:\WINDOWS\System32\KERNEL32.DLL
[0905/024435.313:ERROR:process_memory_win.cc(73)] ReadMemory at 0x7ff8bfbd0000 of 64 bytes failed: Only part of a ReadProcessMemory or WriteProcessMemory request was completed. (0x12B)
[0905/024435.313:WARNING:pe_image_reader.cc(340)] could not read dos header from C:\WINDOWS\System32\KERNELBASE.dll
[0905/024435.313:ERROR:process_memory_win.cc(73)] ReadMemory at 0x7ff8bfbd0000 of 64 bytes failed: Only part of a ReadProcessMemory or WriteProcessMemory request was completed. (0x12B)
[0905/024435.313:WARNING:pe_image_reader.cc(340)] could not read dos header from C:\WINDOWS\System32\KERNELBASE.dll
[0905/024435.313:ERROR:process_memory_win.cc(73)] ReadMemory at 0x7ff8bdbb0000 of 64 bytes failed: Only part of a ReadProcessMemory or WriteProcessMemory request was completed. (0x12B)
[0905/024435.313:WARNING:pe_image_reader.cc(340)] could not read dos header from C:\WINDOWS\SYSTEM32\apphelp.dll
[0905/024435.313:ERROR:process_memory_win.cc(73)] ReadMemory at 0x7ff8bdbb0000 of 64 bytes failed: Only part of a ReadProcessMemory or WriteProcessMemory request was completed. (0x12B)
[0905/024435.313:WARNING:pe_image_reader.cc(340)] could not read dos header from C:\WINDOWS\SYSTEM32\apphelp.dll
[0905/024435.313:ERROR:process_memory_win.cc(73)] ReadMemory at 0x7ff8aeaf0000 of 64 bytes failed: Only part of a ReadProcessMemory or WriteProcessMemory request was completed. (0x12B)
[0905/024435.313:WARNING:pe_image_reader.cc(340)] could not read dos header from C:\Program Files (x86)\Microsoft\Edge\Application\85.0.564.41\msedge_elf.dll
[0905/024435.313:ERROR:process_memory_win.cc(73)] ReadMemory at 0x7ff8aeaf0000 of 64 bytes failed: Only part of a ReadProcessMemory or WriteProcessMemory request was completed. (0x12B)
[0905/024435.313:WARNING:pe_image_reader.cc(340)] could not read dos header from C:\Program Files (x86)\Microsoft\Edge\Application\85.0.564.41\msedge_elf.dll
[0905/024435.313:ERROR:process_memory_win.cc(73)] ReadMemory at 0x7ff8bfe80000 of 64 bytes failed: Only part of a ReadProcessMemory or WriteProcessMemory request was completed. (0x12B)
[0905/024435.313:WARNING:pe_image_reader.cc(340)] could not read dos header from C:\WINDOWS\System32\bcryptPrimitives.dll
[0905/024435.313:ERROR:process_memory_win.cc(73)] ReadMemory at 0x7ff8bfe80000 of 64 bytes failed: Only part of a ReadProcessMemory or WriteProcessMemory request was completed. (0x12B)
[0905/024435.313:WARNING:pe_image_reader.cc(340)] could not read dos header from C:\WINDOWS\System32\bcryptPrimitives.dll
[0905/024435.313:ERROR:process_memory_win.cc(73)] ReadMemory at 0x7ff8c1570000 of 64 bytes failed: Only part of a ReadProcessMemory or WriteProcessMemory request was completed. (0x12B)
[0905/024435.313:WARNING:pe_image_reader.cc(340)] could not read dos header from C:\WINDOWS\System32\ADVAPI32.dll
[0905/024435.313:ERROR:process_memory_win.cc(73)] ReadMemory at 0x7ff8c1570000 of 64 bytes failed: Only part of a ReadProcessMemory or WriteProcessMemory request was completed. (0x12B)
[0905/024435.313:WARNING:pe_image_reader.cc(340)] could not read dos header from C:\WINDOWS\System32\ADVAPI32.dll
[0905/024435.313:ERROR:process_memory_win.cc(73)] ReadMemory at 0x7ff8c2850000 of 64 bytes failed: Only part of a ReadProcessMemory or WriteProcessMemory request was completed. (0x12B)
[0905/024435.313:WARNING:pe_image_reader.cc(340)] could not read dos header from C:\WINDOWS\System32\msvcrt.dll
[0905/024435.313:ERROR:process_memory_win.cc(73)] ReadMemory at 0x7ff8c2850000 of 64 bytes failed: Only part of a ReadProcessMemory or WriteProcessMemory request was completed. (0x12B)
[0905/024435.313:WARNING:pe_image_reader.cc(340)] could not read dos header from C:\WINDOWS\System32\msvcrt.dll
[0905/024435.313:ERROR:process_memory_win.cc(73)] ReadMemory at 0x7ff8c2660000 of 64 bytes failed: Only part of a ReadProcessMemory or WriteProcessMemory request was completed. (0x12B)
[0905/024435.313:WARNING:pe_image_reader.cc(340)] could not read dos header from C:\WINDOWS\System32\sechost.dll
[0905/024435.313:ERROR:process_memory_win.cc(73)] ReadMemory at 0x7ff8c2660000 of 64 bytes failed: Only part of a ReadProcessMemory or WriteProcessMemory request was completed. (0x12B)
[0905/024435.313:WARNING:pe_image_reader.cc(340)] could not read dos header from C:\WINDOWS\System32\sechost.dll
[0905/024435.313:ERROR:process_memory_win.cc(73)] ReadMemory at 0x7ff8c0df0000 of 64 bytes failed: Only part of a ReadProcessMemory or WriteProcessMemory request was completed. (0x12B)
[0905/024435.313:WARNING:pe_image_reader.cc(340)] could not read dos header from C:\WINDOWS\System32\RPCRT4.dll
[0905/024435.313:ERROR:process_memory_win.cc(73)] ReadMemory at 0x7ff8c0df0000 of 64 bytes failed: Only part of a ReadProcessMemory or WriteProcessMemory request was completed. (0x12B)
[0905/024435.313:WARNING:pe_image_reader.cc(340)] could not read dos header from C:\WINDOWS\System32\RPCRT4.dll
[0905/024435.313:ERROR:process_memory_win.cc(73)] ReadMemory at 0x7ff83bbe0000 of 64 bytes failed: Only part of a ReadProcessMemory or WriteProcessMemory request was completed. (0x12B)
[0905/024435.313:WARNING:pe_image_reader.cc(340)] could not read dos header from C:\Program Files (x86)\Microsoft\Edge\Application\85.0.564.41\msedge.dll
[0905/024435.313:ERROR:process_memory_win.cc(73)] ReadMemory at 0x7ff83bbe0000 of 64 bytes failed: Only part of a ReadProcessMemory or WriteProcessMemory request was completed. (0x12B)
[0905/024435.313:WARNING:pe_image_reader.cc(340)] could not read dos header from C:\Program Files (x86)\Microsoft\Edge\Application\85.0.564.41\msedge.dll
[0905/024435.313:ERROR:process_memory_win.cc(73)] ReadMemory at 0x7ff8c2710000 of 64 bytes failed: Only part of a ReadProcessMemory or WriteProcessMemory request was completed. (0x12B)
[0905/024435.313:WARNING:pe_image_reader.cc(340)] could not read dos header from C:\WINDOWS\System32\WS2_32.dll
[0905/024435.313:ERROR:process_memory_win.cc(73)] ReadMemory at 0x7ff8c2710000 of 64 bytes failed: Only part of a ReadProcessMemory or WriteProcessMemory request was completed. (0x12B)
[0905/024435.313:WARNING:pe_image_reader.cc(340)] could not read dos header from C:\WINDOWS\System32\WS2_32.dll
[0905/024435.313:ERROR:process_memory_win.cc(73)] ReadMemory at 0x7ff8c0bf0000 of 64 bytes failed: Only part of a ReadProcessMemory or WriteProcessMemory request was completed. (0x12B)
[0905/024435.313:WARNING:pe_image_reader.cc(340)] could not read dos header from C:\WINDOWS\System32\OLEAUT32.dll
[0905/024435.313:ERROR:process_memory_win.cc(73)] ReadMemory at 0x7ff8c0bf0000 of 64 bytes failed: Only part of a ReadProcessMemory or WriteProcessMemory request was completed. (0x12B)
[0905/024435.313:WARNING:pe_image_reader.cc(340)] could not read dos header from C:\WINDOWS\System32\OLEAUT32.dll
[0905/024435.313:ERROR:process_memory_win.cc(73)] ReadMemory at 0x7ff8c01f0000 of 64 bytes failed: Only part of a ReadProcessMemory or WriteProcessMemory request was completed. (0x12B)
[0905/024435.313:WARNING:pe_image_reader.cc(340)] could not read dos header from C:\WINDOWS\System32\msvcp_win.dll
[0905/024435.313:ERROR:process_memory_win.cc(73)] ReadMemory at 0x7ff8c01f0000 of 64 bytes failed: Only part of a ReadProcessMemory or WriteProcessMemory request was completed. (0x12B)
[0905/024435.313:WARNING:pe_image_reader.cc(340)] could not read dos header from C:\WINDOWS\System32\msvcp_win.dll
[0905/024435.313:ERROR:process_memory_win.cc(73)] ReadMemory at 0x7ff8c00f0000 of 64 bytes failed: Only part of a ReadProcessMemory or WriteProcessMemory request was completed. (0x12B)
[0905/024435.313:WARNING:pe_image_reader.cc(340)] could not read dos header from C:\WINDOWS\System32\ucrtbase.dll
[0905/024435.313:ERROR:process_memory_win.cc(73)] ReadMemory at 0x7ff8c00f0000 of 64 bytes failed: Only part of a ReadProcessMemory or WriteProcessMemory request was completed. (0x12B)
[0905/024435.313:WARNING:pe_image_reader.cc(340)] could not read dos header from C:\WINDOWS\System32\ucrtbase.dll
[0905/024435.313:ERROR:process_memory_win.cc(73)] ReadMemory at 0x7ff8c17c0000 of 64 bytes failed: Only part of a ReadProcessMemory or WriteProcessMemory request was completed. (0x12B)
[0905/024435.313:WARNING:pe_image_reader.cc(340)] could not read dos header from C:\WINDOWS\System32\combase.dll
[0905/024435.313:ERROR:process_memory_win.cc(73)] ReadMemory at 0x7ff8c17c0000 of 64 bytes failed: Only part of a ReadProcessMemory or WriteProcessMemory request was completed. (0x12B)
[0905/024435.313:WARNING:pe_image_reader.cc(340)] could not read dos header from C:\WINDOWS\System32\combase.dll
[0905/024435.313:ERROR:process_memory_win.cc(73)] ReadMemory at 0x7ff8c0a20000 of 64 bytes failed: Only part of a ReadProcessMemory or WriteProcessMemory request was completed. (0x12B)
[0905/024435.313:WARNING:pe_image_reader.cc(340)] could not read dos header from C:\WINDOWS\System32\WINTRUST.dll
[0905/024435.313:ERROR:process_memory_win.cc(73)] ReadMemory at 0x7ff8c0a20000 of 64 bytes failed: Only part of a ReadProcessMemory or WriteProcessMemory request was completed. (0x12B)
[0905/024435.313:WARNING:pe_image_reader.cc(340)] could not read dos header from C:\WINDOWS\System32\WINTRUST.dll
[0905/024435.313:ERROR:process_memory_win.cc(73)] ReadMemory at 0x7ff8bfaa0000 of 64 bytes failed: Only part of a ReadProcessMemory or WriteProcessMemory request was completed. (0x12B)
[0905/024435.313:WARNING:pe_image_reader.cc(340)] could not read dos header from C:\WINDOWS\System32\MSASN1.dll
[0905/024435.313:ERROR:process_memory_win.cc(73)] ReadMemory at 0x7ff8bfaa0000 of 64 bytes failed: Only part of a ReadProcessMemory or WriteProcessMemory request was completed. (0x12B)
[0905/024435.313:WARNING:pe_image_reader.cc(340)] could not read dos header from C:\WINDOWS\System32\MSASN1.dll
[0905/024435.313:ERROR:process_memory_win.cc(73)] ReadMemory at 0x7ff8c0aa0000 of 64 bytes failed: Only part of a ReadProcessMemory or WriteProcessMemory request was completed. (0x12B)
[0905/024435.313:WARNING:pe_image_reader.cc(340)] could not read dos header from C:\WINDOWS\System32\CRYPT32.dll
[0905/024435.313:ERROR:process_memory_win.cc(73)] ReadMemory at 0x7ff8c0aa0000 of 64 bytes failed: Only part of a ReadProcessMemory or WriteProcessMemory request was completed. (0x12B)
[0905/024435.313:WARNING:pe_image_reader.cc(340)] could not read dos header from C:\WINDOWS\System32\CRYPT32.dll
[0905/024435.313:ERROR:process_memory_win.cc(73)] ReadMemory at 0x7ff8bef60000 of 64 bytes failed: Only part of a ReadProcessMemory or WriteProcessMemory request was completed. (0x12B)
[0905/024435.313:WARNING:pe_image_reader.cc(340)] could not read dos header from C:\WINDOWS\SYSTEM32\IPHLPAPI.DLL
[0905/024435.313:ERROR:process_memory_win.cc(73)] ReadMemory at 0x7ff8bef60000 of 64 bytes failed: Only part of a ReadProcessMemory or WriteProcessMemory request was completed. (0x12B)
[0905/024435.313:WARNING:pe_image_reader.cc(340)] could not read dos header from C:\WINDOWS\SYSTEM32\IPHLPAPI.DLL
[0905/024435.313:ERROR:process_memory_win.cc(73)] ReadMemory at 0x7ff8bcc50000 of 64 bytes failed: Only part of a ReadProcessMemory or WriteProcessMemory request was completed. (0x12B)
[0905/024435.313:WARNING:pe_image_reader.cc(340)] could not read dos header from C:\WINDOWS\SYSTEM32\WINMM.dll
[0905/024435.313:ERROR:process_memory_win.cc(73)] ReadMemory at 0x7ff8bcc50000 of 64 bytes failed: Only part of a ReadProcessMemory or WriteProcessMemory request was completed. (0x12B)
[0905/024435.313:WARNING:pe_image_reader.cc(340)] could not read dos header from C:\WINDOWS\SYSTEM32\WINMM.dll
[0905/024435.313:ERROR:process_memory_win.cc(73)] ReadMemory at 0x7ff8a2fa0000 of 64 bytes failed: Only part of a ReadProcessMemory or WriteProcessMemory request was completed. (0x12B)
[0905/024435.313:WARNING:pe_image_reader.cc(340)] could not read dos header from C:\WINDOWS\SYSTEM32\UIAutomationCore.DLL
[0905/024435.313:ERROR:process_memory_win.cc(73)] ReadMemory at 0x7ff8a2fa0000 of 64 bytes failed: Only part of a ReadProcessMemory or WriteProcessMemory request was completed. (0x12B)
[0905/024435.313:WARNING:pe_image_reader.cc(340)] could not read dos header from C:\WINDOWS\SYSTEM32\UIAutomationCore.DLL
[0905/024435.313:ERROR:process_memory_win.cc(73)] ReadMemory at 0x7ff8a9b60000 of 64 bytes failed: Only part of a ReadProcessMemory or WriteProcessMemory request was completed. (0x12B)
[0905/024435.313:WARNING:pe_image_reader.cc(340)] could not read dos header from C:\WINDOWS\SYSTEM32\Secur32.dll
[0905/024435.313:ERROR:process_memory_win.cc(73)] ReadMemory at 0x7ff8a9b60000 of 64 bytes failed: Only part of a ReadProcessMemory or WriteProcessMemory request was completed. (0x12B)
[0905/024435.313:WARNING:pe_image_reader.cc(340)] could not read dos header from C:\WINDOWS\SYSTEM32\Secur32.dll
[0905/024435.313:ERROR:process_memory_win.cc(73)] ReadMemory at 0x7ff8bf8e0000 of 64 bytes failed: Only part of a ReadProcessMemory or WriteProcessMemory request was completed. (0x12B)
[0905/024435.313:WARNING:pe_image_reader.cc(340)] could not read dos header from C:\WINDOWS\SYSTEM32\USERENV.dll
[0905/024435.313:ERROR:process_memory_win.cc(73)] ReadMemory at 0x7ff8bf8e0000 of 64 bytes failed: Only part of a ReadProcessMemory or WriteProcessMemory request was completed. (0x12B)
[0905/024435.313:WARNING:pe_image_reader.cc(340)] could not read dos header from C:\WINDOWS\SYSTEM32\USERENV.dll
[0905/024435.313:ERROR:process_memory_win.cc(73)] ReadMemory at 0x7ff8bfa50000 of 64 bytes failed: Only part of a ReadProcessMemory or WriteProcessMemory request was completed. (0x12B)
[0905/024435.313:WARNING:pe_image_reader.cc(340)] could not read dos header from C:\WINDOWS\System32\profapi.dll
[0905/024435.313:ERROR:process_memory_win.cc(73)] ReadMemory at 0x7ff8bfa50000 of 64 bytes failed: Only part of a ReadProcessMemory or WriteProcessMemory request was completed. (0x12B)
[0905/024435.313:WARNING:pe_image_reader.cc(340)] could not read dos header from C:\WINDOWS\System32\profapi.dll
[0905/024435.313:ERROR:process_memory_win.cc(73)] ReadMemory at 0x7ff8b6f70000 of 64 bytes failed: Only part of a ReadProcessMemory or WriteProcessMemory request was completed. (0x12B)
[0905/024435.313:WARNING:pe_image_reader.cc(340)] could not read dos header from C:\WINDOWS\SYSTEM32\WINHTTP.dll
[0905/024435.313:ERROR:process_memory_win.cc(73)] ReadMemory at 0x7ff8b6f70000 of 64 bytes failed: Only part of a ReadProcessMemory or WriteProcessMemory request was completed. (0x12B)
[0905/024435.313:WARNING:pe_image_reader.cc(340)] could not read dos header from C:\WINDOWS\SYSTEM32\WINHTTP.dll
[0905/024435.313:ERROR:process_memory_win.cc(73)] ReadMemory at 0x7ff8afe70000 of 64 bytes failed: Only part of a ReadProcessMemory or WriteProcessMemory request was completed. (0x12B)
[0905/024435.313:WARNING:pe_image_reader.cc(340)] could not read dos header from C:\WINDOWS\SYSTEM32\DWrite.dll
[0905/024435.313:ERROR:process_memory_win.cc(73)] ReadMemory at 0x7ff8afe70000 of 64 bytes failed: Only part of a ReadProcessMemory or WriteProcessMemory request was completed. (0x12B)
[0905/024435.313:WARNING:pe_image_reader.cc(340)] could not read dos header from C:\WINDOWS\SYSTEM32\DWrite.dll
[0905/024435.313:ERROR:process_memory_win.cc(73)] ReadMemory at 0x7ff8ad8f0000 of 64 bytes failed: Only part of a ReadProcessMemory or WriteProcessMemory request was completed. (0x12B)
[0905/024435.313:WARNING:pe_image_reader.cc(340)] could not read dos header from C:\WINDOWS\SYSTEM32\WINSPOOL.DRV
[0905/024435.313:ERROR:process_memory_win.cc(73)] ReadMemory at 0x7ff8ad8f0000 of 64 bytes failed: Only part of a ReadProcessMemory or WriteProcessMemory request was completed. (0x12B)
[0905/024435.313:WARNING:pe_image_reader.cc(340)] could not read dos header from C:\WINDOWS\SYSTEM32\WINSPOOL.DRV
[0905/024435.313:ERROR:process_memory_win.cc(73)] ReadMemory at 0x7ff8bfa80000 of 64 bytes failed: Only part of a ReadProcessMemory or WriteProcessMemory request was completed. (0x12B)
[0905/024435.313:WARNING:pe_image_reader.cc(340)] could not read dos header from C:\WINDOWS\System32\kernel.appcore.dll
[0905/024435.313:ERROR:process_memory_win.cc(73)] ReadMemory at 0x7ff8bfa80000 of 64 bytes failed: Only part of a ReadProcessMemory or WriteProcessMemory request was completed. (0x12B)
[0905/024435.313:WARNING:pe_image_reader.cc(340)] could not read dos header from C:\WINDOWS\System32\kernel.appcore.dll
[0905/024435.313:ERROR:process_memory_win.cc(73)] ReadMemory at 0x7ff8bfac0000 of 64 bytes failed: Only part of a ReadProcessMemory or WriteProcessMemory request was completed. (0x12B)
[0905/024435.313:WARNING:pe_image_reader.cc(340)] could not read dos header from C:\WINDOWS\System32\bcrypt.dll
[0905/024435.313:ERROR:process_memory_win.cc(73)] ReadMemory at 0x7ff8bfac0000 of 64 bytes failed: Only part of a ReadProcessMemory or WriteProcessMemory request was completed. (0x12B)
[0905/024435.313:WARNING:pe_image_reader.cc(340)] could not read dos header from C:\WINDOWS\System32\bcrypt.dll
[0905/024435.313:ERROR:process_memory_win.cc(73)] ReadMemory at 0x7ff8a9420000 of 64 bytes failed: Only part of a ReadProcessMemory or WriteProcessMemory request was completed. (0x12B)
[0905/024435.313:WARNING:pe_image_reader.cc(340)] could not read dos header from C:\WINDOWS\SYSTEM32\dbghelp.dll
[0905/024435.313:ERROR:process_memory_win.cc(73)] ReadMemory at 0x7ff8a9420000 of 64 bytes failed: Only part of a ReadProcessMemory or WriteProcessMemory request was completed. (0x12B)
[0905/024435.313:WARNING:pe_image_reader.cc(340)] could not read dos header from C:\WINDOWS\SYSTEM32\dbghelp.dll
[0905/024435.313:ERROR:process_memory_win.cc(73)] ReadMemory at 0x7ff8bf520000 of 64 bytes failed: Only part of a ReadProcessMemory or WriteProcessMemory request was completed. (0x12B)
[0905/024435.313:WARNING:pe_image_reader.cc(340)] could not read dos header from C:\WINDOWS\SYSTEM32\ncrypt.dll
[0905/024435.313:ERROR:process_memory_win.cc(73)] ReadMemory at 0x7ff8bf520000 of 64 bytes failed: Only part of a ReadProcessMemory or WriteProcessMemory request was completed. (0x12B)
[0905/024435.313:WARNING:pe_image_reader.cc(340)] could not read dos header from C:\WINDOWS\SYSTEM32\ncrypt.dll
[0905/024435.313:ERROR:process_memory_win.cc(73)] ReadMemory at 0x7ff8b83a0000 of 64 bytes failed: Only part of a ReadProcessMemory or WriteProcessMemory request was completed. (0x12B)
[0905/024435.313:WARNING:pe_image_reader.cc(340)] could not read dos header from C:\WINDOWS\SYSTEM32\dhcpcsvc.DLL
[0905/024435.313:ERROR:process_memory_win.cc(73)] ReadMemory at 0x7ff8b83a0000 of 64 bytes failed: Only part of a ReadProcessMemory or WriteProcessMemory request was completed. (0x12B)
[0905/024435.313:WARNING:pe_image_reader.cc(340)] could not read dos header from C:\WINDOWS\SYSTEM32\dhcpcsvc.DLL
[0905/024435.313:ERROR:process_memory_win.cc(73)] ReadMemory at 0x7ff8c2700000 of 64 bytes failed: Only part of a ReadProcessMemory or WriteProcessMemory request was completed. (0x12B)
[0905/024435.313:WARNING:pe_image_reader.cc(340)] could not read dos header from C:\WINDOWS\System32\NSI.dll
[0905/024435.313:ERROR:process_memory_win.cc(73)] ReadMemory at 0x7ff8c2700000 of 64 bytes failed: Only part of a ReadProcessMemory or WriteProcessMemory request was completed. (0x12B)
[0905/024435.313:WARNING:pe_image_reader.cc(340)] could not read dos header from C:\WINDOWS\System32\NSI.dll
[0905/024435.313:ERROR:process_memory_win.cc(73)] ReadMemory at 0x7ff8bc660000 of 64 bytes failed: Only part of a ReadProcessMemory or WriteProcessMemory request was completed. (0x12B)
[0905/024435.313:WARNING:pe_image_reader.cc(340)] could not read dos header from C:\WINDOWS\SYSTEM32\WINMMBASE.dll
[0905/024435.313:ERROR:process_memory_win.cc(73)] ReadMemory at 0x7ff8bc660000 of 64 bytes failed: Only part of a ReadProcessMemory or WriteProcessMemory request was completed. (0x12B)
[0905/024435.313:WARNING:pe_image_reader.cc(340)] could not read dos header from C:\WINDOWS\SYSTEM32\WINMMBASE.dll
[0905/024435.313:ERROR:process_memory_win.cc(73)] ReadMemory at 0x7ff8c00a0000 of 64 bytes failed: Only part of a ReadProcessMemory or WriteProcessMemory request was completed. (0x12B)
[0905/024435.313:WARNING:pe_image_reader.cc(340)] could not read dos header from C:\WINDOWS\System32\cfgmgr32.dll
[0905/024435.313:ERROR:process_memory_win.cc(73)] ReadMemory at 0x7ff8c00a0000 of 64 bytes failed: Only part of a ReadProcessMemory or WriteProcessMemory request was completed. (0x12B)
[0905/024435.313:WARNING:pe_image_reader.cc(340)] could not read dos header from C:\WINDOWS\System32\cfgmgr32.dll
[0905/024435.313:ERROR:process_memory_win.cc(73)] ReadMemory at 0x7ff8bc390000 of 64 bytes failed: Only part of a ReadProcessMemory or WriteProcessMemory request was completed. (0x12B)
[0905/024435.313:WARNING:pe_image_reader.cc(340)] could not read dos header from C:\WINDOWS\SYSTEM32\PROPSYS.dll
[0905/024435.313:ERROR:process_memory_win.cc(73)] ReadMemory at 0x7ff8bc390000 of 64 bytes failed: Only part of a ReadProcessMemory or WriteProcessMemory request was completed. (0x12B)
[0905/024435.313:WARNING:pe_image_reader.cc(340)] could not read dos header from C:\WINDOWS\SYSTEM32\PROPSYS.dll
[0905/024435.313:ERROR:process_memory_win.cc(73)] ReadMemory at 0x7ff8c1710000 of 64 bytes failed: Only part of a ReadProcessMemory or WriteProcessMemory request was completed. (0x12B)
[0905/024435.313:WARNING:pe_image_reader.cc(340)] could not read dos header from C:\WINDOWS\System32\shcore.dll
[0905/024435.313:ERROR:process_memory_win.cc(73)] ReadMemory at 0x7ff8c1710000 of 64 bytes failed: Only part of a ReadProcessMemory or WriteProcessMemory request was completed. (0x12B)
[0905/024435.313:WARNING:pe_image_reader.cc(340)] could not read dos header from C:\WINDOWS\System32\shcore.dll
[0905/024435.313:ERROR:process_memory_win.cc(73)] ReadMemory at 0x7ff8bf4e0000 of 64 bytes failed: Only part of a ReadProcessMemory or WriteProcessMemory request was completed. (0x12B)
[0905/024435.313:WARNING:pe_image_reader.cc(340)] could not read dos header from C:\WINDOWS\SYSTEM32\NTASN1.dll
[0905/024435.313:ERROR:process_memory_win.cc(73)] ReadMemory at 0x7ff8bf4e0000 of 64 bytes failed: Only part of a ReadProcessMemory or WriteProcessMemory request was completed. (0x12B)
[0905/024435.313:WARNING:pe_image_reader.cc(340)] could not read dos header from C:\WINDOWS\SYSTEM32\NTASN1.dll
[0905/024435.313:ERROR:process_memory_win.cc(73)] ReadMemory at 0x7ff8bf910000 of 64 bytes failed: Only part of a ReadProcessMemory or WriteProcessMemory request was completed. (0x12B)
[0905/024435.313:WARNING:pe_image_reader.cc(340)] could not read dos header from C:\WINDOWS\SYSTEM32\SSPICLI.DLL
[0905/024435.313:ERROR:process_memory_win.cc(73)] ReadMemory at 0x7ff8bf910000 of 64 bytes failed: Only part of a ReadProcessMemory or WriteProcessMemory request was completed. (0x12B)
[0905/024435.313:WARNING:pe_image_reader.cc(340)] could not read dos header from C:\WINDOWS\SYSTEM32\SSPICLI.DLL
[0905/024435.313:ERROR:process_memory_win.cc(73)] ReadMemory at 0x7ff8bf420000 of 64 bytes failed: Only part of a ReadProcessMemory or WriteProcessMemory request was completed. (0x12B)
[0905/024435.313:WARNING:pe_image_reader.cc(340)] could not read dos header from C:\WINDOWS\SYSTEM32\CRYPTBASE.DLL
[0905/024435.313:ERROR:process_memory_win.cc(73)] ReadMemory at 0x7ff8bf420000 of 64 bytes failed: Only part of a ReadProcessMemory or WriteProcessMemory request was completed. (0x12B)
[0905/024435.313:WARNING:pe_image_reader.cc(340)] could not read dos header from C:\WINDOWS\SYSTEM32\CRYPTBASE.DLL
[0905/024436.891:ERROR:process_memory_win.cc(73)] ReadMemory at 0x7ff60a890000 of 64 bytes failed: Only part of a ReadProcessMemory or WriteProcessMemory request was completed. (0x12B)
[0905/024436.891:WARNING:pe_image_reader.cc(340)] could not read dos header from C:\Program Files (x86)\Microsoft\Edge\Application\msedge.exe
[0905/024436.891:ERROR:process_memory_win.cc(73)] ReadMemory at 0x7ff8c2b40000 of 64 bytes failed: Only part of a ReadProcessMemory or WriteProcessMemory request was completed. (0x12B)
[0905/024436.891:WARNING:pe_image_reader.cc(340)] could not read dos header from C:\WINDOWS\SYSTEM32\ntdll.dll
[0905/024436.891:ERROR:process_memory_win.cc(73)] ReadMemory at 0x7ff8c2780000 of 64 bytes failed: Only part of a ReadProcessMemory or WriteProcessMemory request was completed. (0x12B)
[0905/024436.891:WARNING:pe_image_reader.cc(340)] could not read dos header from C:\WINDOWS\System32\KERNEL32.DLL
[0905/024436.891:ERROR:process_memory_win.cc(73)] ReadMemory at 0x7ff8bfbd0000 of 64 bytes failed: Only part of a ReadProcessMemory or WriteProcessMemory request was completed. (0x12B)
[0905/024436.891:WARNING:pe_image_reader.cc(340)] could not read dos header from C:\WINDOWS\System32\KERNELBASE.dll
[0905/024436.891:ERROR:process_memory_win.cc(73)] ReadMemory at 0x7ff8bdbb0000 of 64 bytes failed: Only part of a ReadProcessMemory or WriteProcessMemory request was completed. (0x12B)
[0905/024436.907:WARNING:pe_image_reader.cc(340)] could not read dos header from C:\WINDOWS\SYSTEM32\apphelp.dll
[0905/024436.907:ERROR:process_memory_win.cc(73)] ReadMemory at 0x7ff8aeaf0000 of 64 bytes failed: Only part of a ReadProcessMemory or WriteProcessMemory request was completed. (0x12B)
[0905/024436.907:WARNING:pe_image_reader.cc(340)] could not read dos header from C:\Program Files (x86)\Microsoft\Edge\Application\85.0.564.41\msedge_elf.dll
[0905/024436.907:ERROR:process_memory_win.cc(73)] ReadMemory at 0x7ff8bfe80000 of 64 bytes failed: Only part of a ReadProcessMemory or WriteProcessMemory request was completed. (0x12B)
[0905/024436.907:WARNING:pe_image_reader.cc(340)] could not read dos header from C:\WINDOWS\System32\bcryptPrimitives.dll
[0905/024436.907:ERROR:process_memory_win.cc(73)] ReadMemory at 0x7ff8c1570000 of 64 bytes failed: Only part of a ReadProcessMemory or WriteProcessMemory request was completed. (0x12B)
[0905/024436.907:WARNING:pe_image_reader.cc(340)] could not read dos header from C:\WINDOWS\System32\ADVAPI32.dll
[0905/024436.907:ERROR:process_memory_win.cc(73)] ReadMemory at 0x7ff8c2850000 of 64 bytes failed: Only part of a ReadProcessMemory or WriteProcessMemory request was completed. (0x12B)
[0905/024436.907:WARNING:pe_image_reader.cc(340)] could not read dos header from C:\WINDOWS\System32\msvcrt.dll
[0905/024436.907:ERROR:process_memory_win.cc(73)] ReadMemory at 0x7ff8c2660000 of 64 bytes failed: Only part of a ReadProcessMemory or WriteProcessMemory request was completed. (0x12B)
[0905/024436.907:WARNING:pe_image_reader.cc(340)] could not read dos header from C:\WINDOWS\System32\sechost.dll
[0905/024436.907:ERROR:process_memory_win.cc(73)] ReadMemory at 0x7ff8c0df0000 of 64 bytes failed: Only part of a ReadProcessMemory or WriteProcessMemory request was completed. (0x12B)
[0905/024436.907:WARNING:pe_image_reader.cc(340)] could not read dos header from C:\WINDOWS\System32\RPCRT4.dll
[0905/024436.907:ERROR:process_memory_win.cc(73)] ReadMemory at 0x7ff83bbe0000 of 64 bytes failed: Only part of a ReadProcessMemory or WriteProcessMemory request was completed. (0x12B)
[0905/024436.907:WARNING:pe_image_reader.cc(340)] could not read dos header from C:\Program Files (x86)\Microsoft\Edge\Application\85.0.564.41\msedge.dll
[0905/024436.907:ERROR:process_memory_win.cc(73)] ReadMemory at 0x7ff8c2710000 of 64 bytes failed: Only part of a ReadProcessMemory or WriteProcessMemory request was completed. (0x12B)
[0905/024436.907:WARNING:pe_image_reader.cc(340)] could not read dos header from C:\WINDOWS\System32\WS2_32.dll
[0905/024436.907:ERROR:process_memory_win.cc(73)] ReadMemory at 0x7ff8c0bf0000 of 64 bytes failed: Only part of a ReadProcessMemory or WriteProcessMemory request was completed. (0x12B)
[0905/024436.907:WARNING:pe_image_reader.cc(340)] could not read dos header from C:\WINDOWS\System32\OLEAUT32.dll
[0905/024436.907:ERROR:process_memory_win.cc(73)] ReadMemory at 0x7ff8c01f0000 of 64 bytes failed: Only part of a ReadProcessMemory or WriteProcessMemory request was completed. (0x12B)
[0905/024436.907:WARNING:pe_image_reader.cc(340)] could not read dos header from C:\WINDOWS\System32\msvcp_win.dll
[0905/024436.907:ERROR:process_memory_win.cc(73)] ReadMemory at 0x7ff8c00f0000 of 64 bytes failed: Only part of a ReadProcessMemory or WriteProcessMemory request was completed. (0x12B)
[0905/024436.907:WARNING:pe_image_reader.cc(340)] could not read dos header from C:\WINDOWS\System32\ucrtbase.dll
[0905/024436.907:ERROR:process_memory_win.cc(73)] ReadMemory at 0x7ff8c17c0000 of 64 bytes failed: Only part of a ReadProcessMemory or WriteProcessMemory request was completed. (0x12B)
[0905/024436.907:WARNING:pe_image_reader.cc(340)] could not read dos header from C:\WINDOWS\System32\combase.dll
[0905/024436.907:ERROR:process_memory_win.cc(73)] ReadMemory at 0x7ff8c0a20000 of 64 bytes failed: Only part of a ReadProcessMemory or WriteProcessMemory request was completed. (0x12B)
[0905/024436.907:WARNING:pe_image_reader.cc(340)] could not read dos header from C:\WINDOWS\System32\WINTRUST.dll
[0905/024436.907:ERROR:process_memory_win.cc(73)] ReadMemory at 0x7ff8bfaa0000 of 64 bytes failed: Only part of a ReadProcessMemory or WriteProcessMemory request was completed. (0x12B)
[0905/024436.907:WARNING:pe_image_reader.cc(340)] could not read dos header from C:\WINDOWS\System32\MSASN1.dll
[0905/024436.907:ERROR:process_memory_win.cc(73)] ReadMemory at 0x7ff8c0aa0000 of 64 bytes failed: Only part of a ReadProcessMemory or WriteProcessMemory request was completed. (0x12B)
[0905/024436.907:WARNING:pe_image_reader.cc(340)] could not read dos header from C:\WINDOWS\System32\CRYPT32.dll
[0905/024436.907:ERROR:process_memory_win.cc(73)] ReadMemory at 0x7ff8bef60000 of 64 bytes failed: Only part of a ReadProcessMemory or WriteProcessMemory request was completed. (0x12B)
[0905/024436.907:WARNING:pe_image_reader.cc(340)] could not read dos header from C:\WINDOWS\SYSTEM32\IPHLPAPI.DLL
[0905/024436.907:ERROR:process_memory_win.cc(73)] ReadMemory at 0x7ff8bcc50000 of 64 bytes failed: Only part of a ReadProcessMemory or WriteProcessMemory request was completed. (0x12B)
[0905/024436.907:WARNING:pe_image_reader.cc(340)] could not read dos header from C:\WINDOWS\SYSTEM32\WINMM.dll
[0905/024436.907:ERROR:process_memory_win.cc(73)] ReadMemory at 0x7ff8a2fa0000 of 64 bytes failed: Only part of a ReadProcessMemory or WriteProcessMemory request was completed. (0x12B)
[0905/024436.907:WARNING:pe_image_reader.cc(340)] could not read dos header from C:\WINDOWS\SYSTEM32\UIAutomationCore.DLL
[0905/024436.907:ERROR:process_memory_win.cc(73)] ReadMemory at 0x7ff8a9b60000 of 64 bytes failed: Only part of a ReadProcessMemory or WriteProcessMemory request was completed. (0x12B)
[0905/024436.907:WARNING:pe_image_reader.cc(340)] could not read dos header from C:\WINDOWS\SYSTEM32\Secur32.dll
[0905/024436.907:ERROR:process_memory_win.cc(73)] ReadMemory at 0x7ff8bf8e0000 of 64 bytes failed: Only part of a ReadProcessMemory or WriteProcessMemory request was completed. (0x12B)
[0905/024436.907:WARNING:pe_image_reader.cc(340)] could not read dos header from C:\WINDOWS\SYSTEM32\USERENV.dll
[0905/024436.907:ERROR:process_memory_win.cc(73)] ReadMemory at 0x7ff8bfa50000 of 64 bytes failed: Only part of a ReadProcessMemory or WriteProcessMemory request was completed. (0x12B)
[0905/024436.907:WARNING:pe_image_reader.cc(340)] could not read dos header from C:\WINDOWS\System32\profapi.dll
[0905/024436.907:ERROR:process_memory_win.cc(73)] ReadMemory at 0x7ff8b6f70000 of 64 bytes failed: Only part of a ReadProcessMemory or WriteProcessMemory request was completed. (0x12B)
[0905/024436.907:WARNING:pe_image_reader.cc(340)] could not read dos header from C:\WINDOWS\SYSTEM32\WINHTTP.dll
[0905/024436.907:ERROR:process_memory_win.cc(73)] ReadMemory at 0x7ff8afe70000 of 64 bytes failed: Only part of a ReadProcessMemory or WriteProcessMemory request was completed. (0x12B)
[0905/024436.907:WARNING:pe_image_reader.cc(340)] could not read dos header from C:\WINDOWS\SYSTEM32\DWrite.dll
[0905/024436.907:ERROR:process_memory_win.cc(73)] ReadMemory at 0x7ff8ad8f0000 of 64 bytes failed: Only part of a ReadProcessMemory or WriteProcessMemory request was completed. (0x12B)
[0905/024436.907:WARNING:pe_image_reader.cc(340)] could not read dos header from C:\WINDOWS\SYSTEM32\WINSPOOL.DRV
[0905/024436.907:ERROR:process_memory_win.cc(73)] ReadMemory at 0x7ff8bfa80000 of 64 bytes failed: Only part of a ReadProcessMemory or WriteProcessMemory request was completed. (0x12B)
[0905/024436.907:WARNING:pe_image_reader.cc(340)] could not read dos header from C:\WINDOWS\System32\kernel.appcore.dll
[0905/024436.907:ERROR:process_memory_win.cc(73)] ReadMemory at 0x7ff8bfac0000 of 64 bytes failed: Only part of a ReadProcessMemory or WriteProcessMemory request was completed. (0x12B)
[0905/024436.907:WARNING:pe_image_reader.cc(340)] could not read dos header from C:\WINDOWS\System32\bcrypt.dll
[0905/024436.907:ERROR:process_memory_win.cc(73)] ReadMemory at 0x7ff8a9420000 of 64 bytes failed: Only part of a ReadProcessMemory or WriteProcessMemory request was completed. (0x12B)
[0905/024436.907:WARNING:pe_image_reader.cc(340)] could not read dos header from C:\WINDOWS\SYSTEM32\dbghelp.dll
[0905/024436.907:ERROR:process_memory_win.cc(73)] ReadMemory at 0x7ff8bf520000 of 64 bytes failed: Only part of a ReadProcessMemory or WriteProcessMemory request was completed. (0x12B)
[0905/024436.907:WARNING:pe_image_reader.cc(340)] could not read dos header from C:\WINDOWS\SYSTEM32\ncrypt.dll
[0905/024436.907:ERROR:process_memory_win.cc(73)] ReadMemory at 0x7ff8b83a0000 of 64 bytes failed: Only part of a ReadProcessMemory or WriteProcessMemory request was completed. (0x12B)
[0905/024436.907:WARNING:pe_image_reader.cc(340)] could not read dos header from C:\WINDOWS\SYSTEM32\dhcpcsvc.DLL
[0905/024436.907:ERROR:process_memory_win.cc(73)] ReadMemory at 0x7ff8c2700000 of 64 bytes failed: Only part of a ReadProcessMemory or WriteProcessMemory request was completed. (0x12B)
[0905/024436.907:WARNING:pe_image_reader.cc(340)] could not read dos header from C:\WINDOWS\System32\NSI.dll
[0905/024436.907:ERROR:process_memory_win.cc(73)] ReadMemory at 0x7ff8bc660000 of 64 bytes failed: Only part of a ReadProcessMemory or WriteProcessMemory request was completed. (0x12B)
[0905/024436.907:WARNING:pe_image_reader.cc(340)] could not read dos header from C:\WINDOWS\SYSTEM32\WINMMBASE.dll
[0905/024436.907:ERROR:process_memory_win.cc(73)] ReadMemory at 0x7ff8c00a0000 of 64 bytes failed: Only part of a ReadProcessMemory or WriteProcessMemory request was completed. (0x12B)
[0905/024436.907:WARNING:pe_image_reader.cc(340)] could not read dos header from C:\WINDOWS\System32\cfgmgr32.dll
[0905/024436.907:ERROR:process_memory_win.cc(73)] ReadMemory at 0x7ff8bc390000 of 64 bytes failed: Only part of a ReadProcessMemory or WriteProcessMemory request was completed. (0x12B)
[0905/024436.907:WARNING:pe_image_reader.cc(340)] could not read dos header from C:\WINDOWS\SYSTEM32\PROPSYS.dll
[0905/024436.907:ERROR:process_memory_win.cc(73)] ReadMemory at 0x7ff8c1710000 of 64 bytes failed: Only part of a ReadProcessMemory or WriteProcessMemory request was completed. (0x12B)
[0905/024436.907:WARNING:pe_image_reader.cc(340)] could not read dos header from C:\WINDOWS\System32\shcore.dll
[0905/024436.907:ERROR:process_memory_win.cc(73)] ReadMemory at 0x7ff8bf4e0000 of 64 bytes failed: Only part of a ReadProcessMemory or WriteProcessMemory request was completed. (0x12B)
[0905/024436.907:WARNING:pe_image_reader.cc(340)] could not read dos header from C:\WINDOWS\SYSTEM32\NTASN1.dll
[0905/024436.907:ERROR:process_memory_win.cc(73)] ReadMemory at 0x7ff8bf910000 of 64 bytes failed: Only part of a ReadProcessMemory or WriteProcessMemory request was completed. (0x12B)
[0905/024436.907:WARNING:pe_image_reader.cc(340)] could not read dos header from C:\WINDOWS\SYSTEM32\SSPICLI.DLL
[0905/024436.907:ERROR:process_memory_win.cc(73)] ReadMemory at 0x7ff8bf420000 of 64 bytes failed: Only part of a ReadProcessMemory or WriteProcessMemory request was completed. (0x12B)
[0905/024436.907:WARNING:pe_image_reader.cc(340)] could not read dos header from C:\WINDOWS\SYSTEM32\CRYPTBASE.DLL
[0905/024436.907:ERROR:process_memory_win.cc(73)] ReadMemory at 0x7ff60a890000 of 64 bytes failed: Only part of a ReadProcessMemory or WriteProcessMemory request was completed. (0x12B)
[0905/024436.907:WARNING:pe_image_reader.cc(340)] could not read dos header from C:\Program Files (x86)\Microsoft\Edge\Application\msedge.exe
[0905/024436.907:ERROR:process_memory_win.cc(73)] ReadMemory at 0x7ff8c2b40000 of 64 bytes failed: Only part of a ReadProcessMemory or WriteProcessMemory request was completed. (0x12B)
[0905/024436.907:WARNING:pe_image_reader.cc(340)] could not read dos header from C:\WINDOWS\SYSTEM32\ntdll.dll
[0905/024436.907:ERROR:process_memory_win.cc(73)] ReadMemory at 0x7ff8c2780000 of 64 bytes failed: Only part of a ReadProcessMemory or WriteProcessMemory request was completed. (0x12B)
[0905/024436.907:WARNING:pe_image_reader.cc(340)] could not read dos header from C:\WINDOWS\System32\KERNEL32.DLL
[0905/024436.907:ERROR:process_memory_win.cc(73)] ReadMemory at 0x7ff8bfbd0000 of 64 bytes failed: Only part of a ReadProcessMemory or WriteProcessMemory request was completed. (0x12B)
[0905/024436.907:WARNING:pe_image_reader.cc(340)] could not read dos header from C:\WINDOWS\System32\KERNELBASE.dll
[0905/024436.907:ERROR:process_memory_win.cc(73)] ReadMemory at 0x7ff8bdbb0000 of 64 bytes failed: Only part of a ReadProcessMemory or WriteProcessMemory request was completed. (0x12B)
[0905/024436.907:WARNING:pe_image_reader.cc(340)] could not read dos header from C:\WINDOWS\SYSTEM32\apphelp.dll
[0905/024436.907:ERROR:process_memory_win.cc(73)] ReadMemory at 0x7ff8aeaf0000 of 64 bytes failed: Only part of a ReadProcessMemory or WriteProcessMemory request was completed. (0x12B)
[0905/024436.907:WARNING:pe_image_reader.cc(340)] could not read dos header from C:\Program Files (x86)\Microsoft\Edge\Application\85.0.564.41\msedge_elf.dll
[0905/024436.907:ERROR:process_memory_win.cc(73)] ReadMemory at 0x7ff8bfe80000 of 64 bytes failed: Only part of a ReadProcessMemory or WriteProcessMemory request was completed. (0x12B)
[0905/024436.907:WARNING:pe_image_reader.cc(340)] could not read dos header from C:\WINDOWS\System32\bcryptPrimitives.dll
[0905/024436.907:ERROR:process_memory_win.cc(73)] ReadMemory at 0x7ff8c1570000 of 64 bytes failed: Only part of a ReadProcessMemory or WriteProcessMemory request was completed. (0x12B)
[0905/024436.907:WARNING:pe_image_reader.cc(340)] could not read dos header from C:\WINDOWS\System32\ADVAPI32.dll
[0905/024436.907:ERROR:process_memory_win.cc(73)] ReadMemory at 0x7ff8c2850000 of 64 bytes failed: Only part of a ReadProcessMemory or WriteProcessMemory request was completed. (0x12B)
[0905/024436.907:WARNING:pe_image_reader.cc(340)] could not read dos header from C:\WINDOWS\System32\msvcrt.dll
[0905/024436.907:ERROR:process_memory_win.cc(73)] ReadMemory at 0x7ff8c2660000 of 64 bytes failed: Only part of a ReadProcessMemory or WriteProcessMemory request was completed. (0x12B)
[0905/024436.907:WARNING:pe_image_reader.cc(340)] could not read dos header from C:\WINDOWS\System32\sechost.dll
[0905/024436.907:ERROR:process_memory_win.cc(73)] ReadMemory at 0x7ff8c0df0000 of 64 bytes failed: Only part of a ReadProcessMemory or WriteProcessMemory request was completed. (0x12B)
[0905/024436.907:WARNING:pe_image_reader.cc(340)] could not read dos header from C:\WINDOWS\System32\RPCRT4.dll
[0905/024436.907:ERROR:process_memory_win.cc(73)] ReadMemory at 0x7ff83bbe0000 of 64 bytes failed: Only part of a ReadProcessMemory or WriteProcessMemory request was completed. (0x12B)
[0905/024436.907:WARNING:pe_image_reader.cc(340)] could not read dos header from C:\Program Files (x86)\Microsoft\Edge\Application\85.0.564.41\msedge.dll
[0905/024436.907:ERROR:process_memory_win.cc(73)] ReadMemory at 0x7ff8c2710000 of 64 bytes failed: Only part of a ReadProcessMemory or WriteProcessMemory request was completed. (0x12B)
[0905/024436.907:WARNING:pe_image_reader.cc(340)] could not read dos header from C:\WINDOWS\System32\WS2_32.dll
[0905/024436.907:ERROR:process_memory_win.cc(73)] ReadMemory at 0x7ff8c0bf0000 of 64 bytes failed: Only part of a ReadProcessMemory or WriteProcessMemory request was completed. (0x12B)
[0905/024436.907:WARNING:pe_image_reader.cc(340)] could not read dos header from C:\WINDOWS\System32\OLEAUT32.dll
[0905/024436.907:ERROR:process_memory_win.cc(73)] ReadMemory at 0x7ff8c01f0000 of 64 bytes failed: Only part of a ReadProcessMemory or WriteProcessMemory request was completed. (0x12B)
[0905/024436.907:WARNING:pe_image_reader.cc(340)] could not read dos header from C:\WINDOWS\System32\msvcp_win.dll
[0905/024436.907:ERROR:process_memory_win.cc(73)] ReadMemory at 0x7ff8c00f0000 of 64 bytes failed: Only part of a ReadProcessMemory or WriteProcessMemory request was completed. (0x12B)
[0905/024436.907:WARNING:pe_image_reader.cc(340)] could not read dos header from C:\WINDOWS\System32\ucrtbase.dll
[0905/024436.907:ERROR:process_memory_win.cc(73)] ReadMemory at 0x7ff8c17c0000 of 64 bytes failed: Only part of a ReadProcessMemory or WriteProcessMemory request was completed. (0x12B)
[0905/024436.907:WARNING:pe_image_reader.cc(340)] could not read dos header from C:\WINDOWS\System32\combase.dll
[0905/024436.907:ERROR:process_memory_win.cc(73)] ReadMemory at 0x7ff8c0a20000 of 64 bytes failed: Only part of a ReadProcessMemory or WriteProcessMemory request was completed. (0x12B)
[0905/024436.907:WARNING:pe_image_reader.cc(340)] could not read dos header from C:\WINDOWS\System32\WINTRUST.dll
[0905/024436.907:ERROR:process_memory_win.cc(73)] ReadMemory at 0x7ff8bfaa0000 of 64 bytes failed: Only part of a ReadProcessMemory or WriteProcessMemory request was completed. (0x12B)
[0905/024436.907:WARNING:pe_image_reader.cc(340)] could not read dos header from C:\WINDOWS\System32\MSASN1.dll
[0905/024436.907:ERROR:process_memory_win.cc(73)] ReadMemory at 0x7ff8c0aa0000 of 64 bytes failed: Only part of a ReadProcessMemory or WriteProcessMemory request was completed. (0x12B)
[0905/024436.907:WARNING:pe_image_reader.cc(340)] could not read dos header from C:\WINDOWS\System32\CRYPT32.dll
[0905/024436.907:ERROR:process_memory_win.cc(73)] ReadMemory at 0x7ff8bef60000 of 64 bytes failed: Only part of a ReadProcessMemory or WriteProcessMemory request was completed. (0x12B)
[0905/024436.907:WARNING:pe_image_reader.cc(340)] could not read dos header from C:\WINDOWS\SYSTEM32\IPHLPAPI.DLL
[0905/024436.907:ERROR:process_memory_win.cc(73)] ReadMemory at 0x7ff8bcc50000 of 64 bytes failed: Only part of a ReadProcessMemory or WriteProcessMemory request was completed. (0x12B)
[0905/024436.907:WARNING:pe_image_reader.cc(340)] could not read dos header from C:\WINDOWS\SYSTEM32\WINMM.dll
[0905/024436.907:ERROR:process_memory_win.cc(73)] ReadMemory at 0x7ff8a2fa0000 of 64 bytes failed: Only part of a ReadProcessMemory or WriteProcessMemory request was completed. (0x12B)
[0905/024436.907:WARNING:pe_image_reader.cc(340)] could not read dos header from C:\WINDOWS\SYSTEM32\UIAutomationCore.DLL
[0905/024436.907:ERROR:process_memory_win.cc(73)] ReadMemory at 0x7ff8a9b60000 of 64 bytes failed: Only part of a ReadProcessMemory or WriteProcessMemory request was completed. (0x12B)
[0905/024436.907:WARNING:pe_image_reader.cc(340)] could not read dos header from C:\WINDOWS\SYSTEM32\Secur32.dll
[0905/024436.907:ERROR:process_memory_win.cc(73)] ReadMemory at 0x7ff8bf8e0000 of 64 bytes failed: Only part of a ReadProcessMemory or WriteProcessMemory request was completed. (0x12B)
[0905/024436.907:WARNING:pe_image_reader.cc(340)] could not read dos header from C:\WINDOWS\SYSTEM32\USERENV.dll
[0905/024436.907:ERROR:process_memory_win.cc(73)] ReadMemory at 0x7ff8bfa50000 of 64 bytes failed: Only part of a ReadProcessMemory or WriteProcessMemory request was completed. (0x12B)
[0905/024436.907:WARNING:pe_image_reader.cc(340)] could not read dos header from C:\WINDOWS\System32\profapi.dll
[0905/024436.907:ERROR:process_memory_win.cc(73)] ReadMemory at 0x7ff8b6f70000 of 64 bytes failed: Only part of a ReadProcessMemory or WriteProcessMemory request was completed. (0x12B)
[0905/024436.907:WARNING:pe_image_reader.cc(340)] could not read dos header from C:\WINDOWS\SYSTEM32\WINHTTP.dll
[0905/024436.907:ERROR:process_memory_win.cc(73)] ReadMemory at 0x7ff8afe70000 of 64 bytes failed: Only part of a ReadProcessMemory or WriteProcessMemory request was completed. (0x12B)
[0905/024436.907:WARNING:pe_image_reader.cc(340)] could not read dos header from C:\WINDOWS\SYSTEM32\DWrite.dll
[0905/024436.907:ERROR:process_memory_win.cc(73)] ReadMemory at 0x7ff8ad8f0000 of 64 bytes failed: Only part of a ReadProcessMemory or WriteProcessMemory request was completed. (0x12B)
[0905/024436.907:WARNING:pe_image_reader.cc(340)] could not read dos header from C:\WINDOWS\SYSTEM32\WINSPOOL.DRV
[0905/024436.907:ERROR:process_memory_win.cc(73)] ReadMemory at 0x7ff8bfa80000 of 64 bytes failed: Only part of a ReadProcessMemory or WriteProcessMemory request was completed. (0x12B)
[0905/024436.907:WARNING:pe_image_reader.cc(340)] could not read dos header from C:\WINDOWS\System32\kernel.appcore.dll
[0905/024436.907:ERROR:process_memory_win.cc(73)] ReadMemory at 0x7ff8bfac0000 of 64 bytes failed: Only part of a ReadProcessMemory or WriteProcessMemory request was completed. (0x12B)
[0905/024436.907:WARNING:pe_image_reader.cc(340)] could not read dos header from C:\WINDOWS\System32\bcrypt.dll
[0905/024436.907:ERROR:process_memory_win.cc(73)] ReadMemory at 0x7ff8a9420000 of 64 bytes failed: Only part of a ReadProcessMemory or WriteProcessMemory request was completed. (0x12B)
[0905/024436.907:WARNING:pe_image_reader.cc(340)] could not read dos header from C:\WINDOWS\SYSTEM32\dbghelp.dll
[0905/024436.907:ERROR:process_memory_win.cc(73)] ReadMemory at 0x7ff8bf520000 of 64 bytes failed: Only part of a ReadProcessMemory or WriteProcessMemory request was completed. (0x12B)
[0905/024436.907:WARNING:pe_image_reader.cc(340)] could not read dos header from C:\WINDOWS\SYSTEM32\ncrypt.dll
[0905/024436.907:ERROR:process_memory_win.cc(73)] ReadMemory at 0x7ff8b83a0000 of 64 bytes failed: Only part of a ReadProcessMemory or WriteProcessMemory request was completed. (0x12B)
[0905/024436.907:WARNING:pe_image_reader.cc(340)] could not read dos header from C:\WINDOWS\SYSTEM32\dhcpcsvc.DLL
[0905/024436.907:ERROR:process_memory_win.cc(73)] ReadMemory at 0x7ff8c2700000 of 64 bytes failed: Only part of a ReadProcessMemory or WriteProcessMemory request was completed. (0x12B)
[0905/024436.907:WARNING:pe_image_reader.cc(340)] could not read dos header from C:\WINDOWS\System32\NSI.dll
[0905/024436.907:ERROR:process_memory_win.cc(73)] ReadMemory at 0x7ff8bc660000 of 64 bytes failed: Only part of a ReadProcessMemory or WriteProcessMemory request was completed. (0x12B)
[0905/024436.907:WARNING:pe_image_reader.cc(340)] could not read dos header from C:\WINDOWS\SYSTEM32\WINMMBASE.dll
[0905/024436.907:ERROR:process_memory_win.cc(73)] ReadMemory at 0x7ff8c00a0000 of 64 bytes failed: Only part of a ReadProcessMemory or WriteProcessMemory request was completed. (0x12B)
[0905/024436.907:WARNING:pe_image_reader.cc(340)] could not read dos header from C:\WINDOWS\System32\cfgmgr32.dll
[0905/024436.907:ERROR:process_memory_win.cc(73)] ReadMemory at 0x7ff8bc390000 of 64 bytes failed: Only part of a ReadProcessMemory or WriteProcessMemory request was completed. (0x12B)
[0905/024436.907:WARNING:pe_image_reader.cc(340)] could not read dos header from C:\WINDOWS\SYSTEM32\PROPSYS.dll
[0905/024436.907:ERROR:process_memory_win.cc(73)] ReadMemory at 0x7ff8c1710000 of 64 bytes failed: Only part of a ReadProcessMemory or WriteProcessMemory request was completed. (0x12B)
[0905/024436.907:WARNING:pe_image_reader.cc(340)] could not read dos header from C:\WINDOWS\System32\shcore.dll
[0905/024436.907:ERROR:process_memory_win.cc(73)] ReadMemory at 0x7ff8bf4e0000 of 64 bytes failed: Only part of a ReadProcessMemory or WriteProcessMemory request was completed. (0x12B)
[0905/024436.907:WARNING:pe_image_reader.cc(340)] could not read dos header from C:\WINDOWS\SYSTEM32\NTASN1.dll
[0905/024436.907:ERROR:process_memory_win.cc(73)] ReadMemory at 0x7ff8bf910000 of 64 bytes failed: Only part of a ReadProcessMemory or WriteProcessMemory request was completed. (0x12B)
[0905/024436.907:WARNING:pe_image_reader.cc(340)] could not read dos header from C:\WINDOWS\SYSTEM32\SSPICLI.DLL
[0905/024436.907:ERROR:process_memory_win.cc(73)] ReadMemory at 0x7ff8bf420000 of 64 bytes failed: Only part of a ReadProcessMemory or WriteProcessMemory request was completed. (0x12B)
[0905/024436.907:WARNING:pe_image_reader.cc(340)] could not read dos header from C:\WINDOWS\SYSTEM32\CRYPTBASE.DLL
[0905/024436.907:ERROR:process_memory_win.cc(73)] ReadMemory at 0x7ff60a890000 of 64 bytes failed: Only part of a ReadProcessMemory or WriteProcessMemory request was completed. (0x12B)
[0905/024436.907:WARNING:pe_image_reader.cc(340)] could not read dos header from C:\Program Files (x86)\Microsoft\Edge\Application\msedge.exe
[0905/024436.907:ERROR:process_memory_win.cc(73)] ReadMemory at 0x7ff8c2b40000 of 64 bytes failed: Only part of a ReadProcessMemory or WriteProcessMemory request was completed. (0x12B)
[0905/024436.907:WARNING:pe_image_reader.cc(340)] could not read dos header from C:\WINDOWS\SYSTEM32\ntdll.dll
[0905/024436.907:ERROR:process_memory_win.cc(73)] ReadMemory at 0x7ff8c2780000 of 64 bytes failed: Only part of a ReadProcessMemory or WriteProcessMemory request was completed. (0x12B)
[0905/024436.907:WARNING:pe_image_reader.cc(340)] could not read dos header from C:\WINDOWS\System32\KERNEL32.DLL
[0905/024436.907:ERROR:process_memory_win.cc(73)] ReadMemory at 0x7ff8bfbd0000 of 64 bytes failed: Only part of a ReadProcessMemory or WriteProcessMemory request was completed. (0x12B)
[0905/024436.907:WARNING:pe_image_reader.cc(340)] could not read dos header from C:\WINDOWS\System32\KERNELBASE.dll
[0905/024436.907:ERROR:process_memory_win.cc(73)] ReadMemory at 0x7ff8bdbb0000 of 64 bytes failed: Only part of a ReadProcessMemory or WriteProcessMemory request was completed. (0x12B)
[0905/024436.907:WARNING:pe_image_reader.cc(340)] could not read dos header from C:\WINDOWS\SYSTEM32\apphelp.dll
[0905/024436.907:ERROR:process_memory_win.cc(73)] ReadMemory at 0x7ff8aeaf0000 of 64 bytes failed: Only part of a ReadProcessMemory or WriteProcessMemory request was completed. (0x12B)
[0905/024436.907:WARNING:pe_image_reader.cc(340)] could not read dos header from C:\Program Files (x86)\Microsoft\Edge\Application\85.0.564.41\msedge_elf.dll
[0905/024436.907:ERROR:process_memory_win.cc(73)] ReadMemory at 0x7ff8bfe80000 of 64 bytes failed: Only part of a ReadProcessMemory or WriteProcessMemory request was completed. (0x12B)
[0905/024436.907:WARNING:pe_image_reader.cc(340)] could not read dos header from C:\WINDOWS\System32\bcryptPrimitives.dll
[0905/024436.907:ERROR:process_memory_win.cc(73)] ReadMemory at 0x7ff8c1570000 of 64 bytes failed: Only part of a ReadProcessMemory or WriteProcessMemory request was completed. (0x12B)
[0905/024436.907:WARNING:pe_image_reader.cc(340)] could not read dos header from C:\WINDOWS\System32\ADVAPI32.dll
[0905/024436.907:ERROR:process_memory_win.cc(73)] ReadMemory at 0x7ff8c2850000 of 64 bytes failed: Only part of a ReadProcessMemory or WriteProcessMemory request was completed. (0x12B)
[0905/024436.907:WARNING:pe_image_reader.cc(340)] could not read dos header from C:\WINDOWS\System32\msvcrt.dll
[0905/024436.907:ERROR:process_memory_win.cc(73)] ReadMemory at 0x7ff8c2660000 of 64 bytes failed: Only part of a ReadProcessMemory or WriteProcessMemory request was completed. (0x12B)
[0905/024436.907:WARNING:pe_image_reader.cc(340)] could not read dos header from C:\WINDOWS\System32\sechost.dll
[0905/024436.907:ERROR:process_memory_win.cc(73)] ReadMemory at 0x7ff8c0df0000 of 64 bytes failed: Only part of a ReadProcessMemory or WriteProcessMemory request was completed. (0x12B)
[0905/024436.907:WARNING:pe_image_reader.cc(340)] could not read dos header from C:\WINDOWS\System32\RPCRT4.dll
[0905/024436.907:ERROR:process_memory_win.cc(73)] ReadMemory at 0x7ff83bbe0000 of 64 bytes failed: Only part of a ReadProcessMemory or WriteProcessMemory request was completed. (0x12B)
[0905/024436.907:WARNING:pe_image_reader.cc(340)] could not read dos header from C:\Program Files (x86)\Microsoft\Edge\Application\85.0.564.41\msedge.dll
[0905/024436.907:ERROR:process_memory_win.cc(73)] ReadMemory at 0x7ff8c2710000 of 64 bytes failed: Only part of a ReadProcessMemory or WriteProcessMemory request was completed. (0x12B)
[0905/024436.907:WARNING:pe_image_reader.cc(340)] could not read dos header from C:\WINDOWS\System32\WS2_32.dll
[0905/024436.907:ERROR:process_memory_win.cc(73)] ReadMemory at 0x7ff8c0bf0000 of 64 bytes failed: Only part of a ReadProcessMemory or WriteProcessMemory request was completed. (0x12B)
[0905/024436.907:WARNING:pe_image_reader.cc(340)] could not read dos header from C:\WINDOWS\System32\OLEAUT32.dll
[0905/024436.907:ERROR:process_memory_win.cc(73)] ReadMemory at 0x7ff8c01f0000 of 64 bytes failed: Only part of a ReadProcessMemory or WriteProcessMemory request was completed. (0x12B)
[0905/024436.907:WARNING:pe_image_reader.cc(340)] could not read dos header from C:\WINDOWS\System32\msvcp_win.dll
[0905/024436.907:ERROR:process_memory_win.cc(73)] ReadMemory at 0x7ff8c00f0000 of 64 bytes failed: Only part of a ReadProcessMemory or WriteProcessMemory request was completed. (0x12B)
[0905/024436.907:WARNING:pe_image_reader.cc(340)] could not read dos header from C:\WINDOWS\System32\ucrtbase.dll
[0905/024436.907:ERROR:process_memory_win.cc(73)] ReadMemory at 0x7ff8c17c0000 of 64 bytes failed: Only part of a ReadProcessMemory or WriteProcessMemory request was completed. (0x12B)
[0905/024436.907:WARNING:pe_image_reader.cc(340)] could not read dos header from C:\WINDOWS\System32\combase.dll
[0905/024436.907:ERROR:process_memory_win.cc(73)] ReadMemory at 0x7ff8c0a20000 of 64 bytes failed: Only part of a ReadProcessMemory or WriteProcessMemory request was completed. (0x12B)
[0905/024436.907:WARNING:pe_image_reader.cc(340)] could not read dos header from C:\WINDOWS\System32\WINTRUST.dll
[0905/024436.907:ERROR:process_memory_win.cc(73)] ReadMemory at 0x7ff8bfaa0000 of 64 bytes failed: Only part of a ReadProcessMemory or WriteProcessMemory request was completed. (0x12B)
[0905/024436.907:WARNING:pe_image_reader.cc(340)] could not read dos header from C:\WINDOWS\System32\MSASN1.dll
[0905/024436.907:ERROR:process_memory_win.cc(73)] ReadMemory at 0x7ff8c0aa0000 of 64 bytes failed: Only part of a ReadProcessMemory or WriteProcessMemory request was completed. (0x12B)
[0905/024436.907:WARNING:pe_image_reader.cc(340)] could not read dos header from C:\WINDOWS\System32\CRYPT32.dll
[0905/024436.907:ERROR:process_memory_win.cc(73)] ReadMemory at 0x7ff8bef60000 of 64 bytes failed: Only part of a ReadProcessMemory or WriteProcessMemory request was completed. (0x12B)
[0905/024436.907:WARNING:pe_image_reader.cc(340)] could not read dos header from C:\WINDOWS\SYSTEM32\IPHLPAPI.DLL
[0905/024436.907:ERROR:process_memory_win.cc(73)] ReadMemory at 0x7ff8bcc50000 of 64 bytes failed: Only part of a ReadProcessMemory or WriteProcessMemory request was completed. (0x12B)
[0905/024436.907:WARNING:pe_image_reader.cc(340)] could not read dos header from C:\WINDOWS\SYSTEM32\WINMM.dll
[0905/024436.907:ERROR:process_memory_win.cc(73)] ReadMemory at 0x7ff8a2fa0000 of 64 bytes failed: Only part of a ReadProcessMemory or WriteProcessMemory request was completed. (0x12B)
[0905/024436.907:WARNING:pe_image_reader.cc(340)] could not read dos header from C:\WINDOWS\SYSTEM32\UIAutomationCore.DLL
[0905/024436.907:ERROR:process_memory_win.cc(73)] ReadMemory at 0x7ff8a9b60000 of 64 bytes failed: Only part of a ReadProcessMemory or WriteProcessMemory request was completed. (0x12B)
[0905/024436.907:WARNING:pe_image_reader.cc(340)] could not read dos header from C:\WINDOWS\SYSTEM32\Secur32.dll
[0905/024436.907:ERROR:process_memory_win.cc(73)] ReadMemory at 0x7ff8bf8e0000 of 64 bytes failed: Only part of a ReadProcessMemory or WriteProcessMemory request was completed. (0x12B)
[0905/024436.907:WARNING:pe_image_reader.cc(340)] could not read dos header from C:\WINDOWS\SYSTEM32\USERENV.dll
[0905/024436.907:ERROR:process_memory_win.cc(73)] ReadMemory at 0x7ff8bfa50000 of 64 bytes failed: Only part of a ReadProcessMemory or WriteProcessMemory request was completed. (0x12B)
[0905/024436.907:WARNING:pe_image_reader.cc(340)] could not read dos header from C:\WINDOWS\System32\profapi.dll
[0905/024436.907:ERROR:process_memory_win.cc(73)] ReadMemory at 0x7ff8b6f70000 of 64 bytes failed: Only part of a ReadProcessMemory or WriteProcessMemory request was completed. (0x12B)
[0905/024436.907:WARNING:pe_image_reader.cc(340)] could not read dos header from C:\WINDOWS\SYSTEM32\WINHTTP.dll
[0905/024436.907:ERROR:process_memory_win.cc(73)] ReadMemory at 0x7ff8afe70000 of 64 bytes failed: Only part of a ReadProcessMemory or WriteProcessMemory request was completed. (0x12B)
[0905/024436.907:WARNING:pe_image_reader.cc(340)] could not read dos header from C:\WINDOWS\SYSTEM32\DWrite.dll
[0905/024436.907:ERROR:process_memory_win.cc(73)] ReadMemory at 0x7ff8ad8f0000 of 64 bytes failed: Only part of a ReadProcessMemory or WriteProcessMemory request was completed. (0x12B)
[0905/024436.907:WARNING:pe_image_reader.cc(340)] could not read dos header from C:\WINDOWS\SYSTEM32\WINSPOOL.DRV
[0905/024436.907:ERROR:process_memory_win.cc(73)] ReadMemory at 0x7ff8bfa80000 of 64 bytes failed: Only part of a ReadProcessMemory or WriteProcessMemory request was completed. (0x12B)
[0905/024436.907:WARNING:pe_image_reader.cc(340)] could not read dos header from C:\WINDOWS\System32\kernel.appcore.dll
[0905/024436.907:ERROR:process_memory_win.cc(73)] ReadMemory at 0x7ff8bfac0000 of 64 bytes failed: Only part of a ReadProcessMemory or WriteProcessMemory request was completed. (0x12B)
[0905/024436.907:WARNING:pe_image_reader.cc(340)] could not read dos header from C:\WINDOWS\System32\bcrypt.dll
[0905/024436.907:ERROR:process_memory_win.cc(73)] ReadMemory at 0x7ff8a9420000 of 64 bytes failed: Only part of a ReadProcessMemory or WriteProcessMemory request was completed. (0x12B)
[0905/024436.907:WARNING:pe_image_reader.cc(340)] could not read dos header from C:\WINDOWS\SYSTEM32\dbghelp.dll
[0905/024436.907:ERROR:process_memory_win.cc(73)] ReadMemory at 0x7ff8bf520000 of 64 bytes failed: Only part of a ReadProcessMemory or WriteProcessMemory request was completed. (0x12B)
[0905/024436.907:WARNING:pe_image_reader.cc(340)] could not read dos header from C:\WINDOWS\SYSTEM32\ncrypt.dll
[0905/024436.907:ERROR:process_memory_win.cc(73)] ReadMemory at 0x7ff8b83a0000 of 64 bytes failed: Only part of a ReadProcessMemory or WriteProcessMemory request was completed. (0x12B)
[0905/024436.907:WARNING:pe_image_reader.cc(340)] could not read dos header from C:\WINDOWS\SYSTEM32\dhcpcsvc.DLL
[0905/024436.907:ERROR:process_memory_win.cc(73)] ReadMemory at 0x7ff8c2700000 of 64 bytes failed: Only part of a ReadProcessMemory or WriteProcessMemory request was completed. (0x12B)
[0905/024436.907:WARNING:pe_image_reader.cc(340)] could not read dos header from C:\WINDOWS\System32\NSI.dll
[0905/024436.907:ERROR:process_memory_win.cc(73)] ReadMemory at 0x7ff8bc660000 of 64 bytes failed: Only part of a ReadProcessMemory or WriteProcessMemory request was completed. (0x12B)
[0905/024436.907:WARNING:pe_image_reader.cc(340)] could not read dos header from C:\WINDOWS\SYSTEM32\WINMMBASE.dll
[0905/024436.907:ERROR:process_memory_win.cc(73)] ReadMemory at 0x7ff8c00a0000 of 64 bytes failed: Only part of a ReadProcessMemory or WriteProcessMemory request was completed. (0x12B)
[0905/024436.907:WARNING:pe_image_reader.cc(340)] could not read dos header from C:\WINDOWS\System32\cfgmgr32.dll
[0905/024436.907:ERROR:process_memory_win.cc(73)] ReadMemory at 0x7ff8bc390000 of 64 bytes failed: Only part of a ReadProcessMemory or WriteProcessMemory request was completed. (0x12B)
[0905/024436.907:WARNING:pe_image_reader.cc(340)] could not read dos header from C:\WINDOWS\SYSTEM32\PROPSYS.dll
[0905/024436.907:ERROR:process_memory_win.cc(73)] ReadMemory at 0x7ff8c1710000 of 64 bytes failed: Only part of a ReadProcessMemory or WriteProcessMemory request was completed. (0x12B)
[0905/024436.907:WARNING:pe_image_reader.cc(340)] could not read dos header from C:\WINDOWS\System32\shcore.dll
[0905/024436.907:ERROR:process_memory_win.cc(73)] ReadMemory at 0x7ff8bf4e0000 of 64 bytes failed: Only part of a ReadProcessMemory or WriteProcessMemory request was completed. (0x12B)
[0905/024436.907:WARNING:pe_image_reader.cc(340)] could not read dos header from C:\WINDOWS\SYSTEM32\NTASN1.dll
[0905/024436.907:ERROR:process_memory_win.cc(73)] ReadMemory at 0x7ff8bf910000 of 64 bytes failed: Only part of a ReadProcessMemory or WriteProcessMemory request was completed. (0x12B)
[0905/024436.907:WARNING:pe_image_reader.cc(340)] could not read dos header from C:\WINDOWS\SYSTEM32\SSPICLI.DLL
[0905/024436.907:ERROR:process_memory_win.cc(73)] ReadMemory at 0x7ff8bf420000 of 64 bytes failed: Only part of a ReadProcessMemory or WriteProcessMemory request was completed. (0x12B)
[0905/024436.907:WARNING:pe_image_reader.cc(340)] could not read dos header from C:\WINDOWS\SYSTEM32\CRYPTBASE.DLL
[0905/024436.922:ERROR:process_memory_win.cc(73)] ReadMemory at 0x8e483fe000 of 852 bytes failed: Only part of a ReadProcessMemory or WriteProcessMemory request was completed. (0x12B)
[0905/024436.922:ERROR:process_memory_win.cc(73)] ReadMemory at 0x283034e02c0 of 40 bytes failed: Only part of a ReadProcessMemory or WriteProcessMemory request was completed. (0x12B)
[0905/024436.922:ERROR:process_memory_win.cc(73)] ReadMemory at 0x283034f02c0 of 40 bytes failed: Only part of a ReadProcessMemory or WriteProcessMemory request was completed. (0x12B)
[0905/024436.922:ERROR:process_memory_win.cc(73)] ReadMemory at 0x283035d02c0 of 40 bytes failed: Only part of a ReadProcessMemory or WriteProcessMemory request was completed. (0x12B)
[0905/024436.922:ERROR:process_memory_win.cc(73)] ReadMemory at 0x283037402c0 of 40 bytes failed: Only part of a ReadProcessMemory or WriteProcessMemory request was completed. (0x12B)
[0905/024436.922:ERROR:process_memory_win.cc(73)] ReadMemory at 0x28303740fe0 of 23070 bytes failed: Only part of a ReadProcessMemory or WriteProcessMemory request was completed. (0x12B)
[0905/024436.922:ERROR:process_memory_win.cc(73)] ReadMemory at 0x28303746a10 of 1012 bytes failed: Only part of a ReadProcessMemory or WriteProcessMemory request was completed. (0x12B)
[0905/024436.922:ERROR:process_memory_win.cc(73)] ReadMemory at 0x28303747058 of 120 bytes failed: Only part of a ReadProcessMemory or WriteProcessMemory request was completed. (0x12B)
[0905/024436.922:ERROR:process_memory_win.cc(73)] ReadMemory at 0x283037470d2 of 756 bytes failed: Only part of a ReadProcessMemory or WriteProcessMemory request was completed. (0x12B)
[0905/024436.922:ERROR:process_memory_win.cc(73)] ReadMemory at 0x283037473c8 of 120 bytes failed: Only part of a ReadProcessMemory or WriteProcessMemory request was completed. (0x12B)
[0905/024436.922:ERROR:process_memory_win.cc(73)] ReadMemory at 0x28303747442 of 100 bytes failed: Only part of a ReadProcessMemory or WriteProcessMemory request was completed. (0x12B)
[0905/024436.922:ERROR:process_memory_win.cc(73)] ReadMemory at 0x283037474c0 of 58 bytes failed: Only part of a ReadProcessMemory or WriteProcessMemory request was completed. (0x12B)
[0905/024436.922:ERROR:process_memory_win.cc(73)] ReadMemory at 0x283037475c0 of 132 bytes failed: Only part of a ReadProcessMemory or WriteProcessMemory request was completed. (0x12B)
[0905/024436.922:ERROR:process_memory_win.cc(73)] ReadMemory at 0x28303747750 of 132 bytes failed: Only part of a ReadProcessMemory or WriteProcessMemory request was completed. (0x12B)
[0905/024436.922:ERROR:process_memory_win.cc(73)] ReadMemory at 0x28303747cf0 of 132 bytes failed: Only part of a ReadProcessMemory or WriteProcessMemory request was completed. (0x12B)
[0905/024436.922:ERROR:process_memory_win.cc(73)] ReadMemory at 0x28303747e80 of 64 bytes failed: Only part of a ReadProcessMemory or WriteProcessMemory request was completed. (0x12B)
[0905/024436.922:ERROR:process_memory_win.cc(73)] ReadMemory at 0x28303747fe0 of 132 bytes failed: Only part of a ReadProcessMemory or WriteProcessMemory request was completed. (0x12B)
[0905/024436.922:ERROR:process_memory_win.cc(73)] ReadMemory at 0x28303748170 of 62 bytes failed: Only part of a ReadProcessMemory or WriteProcessMemory request was completed. (0x12B)
[0905/024436.922:ERROR:process_memory_win.cc(73)] ReadMemory at 0x283037482e0 of 132 bytes failed: Only part of a ReadProcessMemory or WriteProcessMemory request was completed. (0x12B)
[0905/024436.922:ERROR:process_memory_win.cc(73)] ReadMemory at 0x28303748470 of 68 bytes failed: Only part of a ReadProcessMemory or WriteProcessMemory request was completed. (0x12B)
[0905/024436.922:ERROR:process_memory_win.cc(73)] ReadMemory at 0x283037550f0 of 132 bytes failed: Only part of a ReadProcessMemory or WriteProcessMemory request was completed. (0x12B)
[0905/024436.922:ERROR:process_memory_win.cc(73)] ReadMemory at 0x28303755220 of 152 bytes failed: Only part of a ReadProcessMemory or WriteProcessMemory request was completed. (0x12B)
[0905/024436.922:ERROR:process_memory_win.cc(73)] ReadMemory at 0x28303763700 of 60 bytes failed: Only part of a ReadProcessMemory or WriteProcessMemory request was completed. (0x12B)
[0905/024436.922:ERROR:process_memory_win.cc(73)] ReadMemory at 0x28303763e80 of 62 bytes failed: Only part of a ReadProcessMemory or WriteProcessMemory request was completed. (0x12B)
[0905/024436.922:ERROR:process_memory_win.cc(73)] ReadMemory at 0x28303763fc0 of 60 bytes failed: Only part of a ReadProcessMemory or WriteProcessMemory request was completed. (0x12B)
[0905/024436.922:ERROR:process_memory_win.cc(73)] ReadMemory at 0x283037642e0 of 62 bytes failed: Only part of a ReadProcessMemory or WriteProcessMemory request was completed. (0x12B)
[0905/024436.922:ERROR:process_memory_win.cc(73)] ReadMemory at 0x28303764df0 of 54 bytes failed: Only part of a ReadProcessMemory or WriteProcessMemory request was completed. (0x12B)
[0905/024436.922:ERROR:process_memory_win.cc(73)] ReadMemory at 0x28303766070 of 80 bytes failed: Only part of a ReadProcessMemory or WriteProcessMemory request was completed. (0x12B)
[0905/024436.922:ERROR:process_memory_win.cc(73)] ReadMemory at 0x283037673d0 of 40 bytes failed: Only part of a ReadProcessMemory or WriteProcessMemory request was completed. (0x12B)
[0905/024436.922:ERROR:process_memory_win.cc(73)] ReadMemory at 0x28303769e00 of 132 bytes failed: Only part of a ReadProcessMemory or WriteProcessMemory request was completed. (0x12B)
[0905/024436.922:ERROR:process_memory_win.cc(73)] ReadMemory at 0x28303769f30 of 144 bytes failed: Only part of a ReadProcessMemory or WriteProcessMemory request was completed. (0x12B)
[0905/024436.922:ERROR:process_memory_win.cc(73)] ReadMemory at 0x28303769ff0 of 132 bytes failed: Only part of a ReadProcessMemory or WriteProcessMemory request was completed. (0x12B)
[0905/024436.922:ERROR:process_memory_win.cc(73)] ReadMemory at 0x2830376a1a0 of 132 bytes failed: Only part of a ReadProcessMemory or WriteProcessMemory request was completed. (0x12B)
[0905/024436.922:ERROR:process_memory_win.cc(73)] ReadMemory at 0x2830376a2f0 of 132 bytes failed: Only part of a ReadProcessMemory or WriteProcessMemory request was completed. (0x12B)
[0905/024436.922:ERROR:process_memory_win.cc(73)] ReadMemory at 0x2830376a470 of 132 bytes failed: Only part of a ReadProcessMemory or WriteProcessMemory request was completed. (0x12B)
[0905/024436.922:ERROR:process_memory_win.cc(73)] ReadMemory at 0x2830376a5a0 of 132 bytes failed: Only part of a ReadProcessMemory or WriteProcessMemory request was completed. (0x12B)
[0905/024436.922:ERROR:process_memory_win.cc(73)] ReadMemory at 0x2830376a6d0 of 132 bytes failed: Only part of a ReadProcessMemory or WriteProcessMemory request was completed. (0x12B)
[0905/024436.922:ERROR:process_memory_win.cc(73)] ReadMemory at 0x2830376a800 of 132 bytes failed: Only part of a ReadProcessMemory or WriteProcessMemory request was completed. (0x12B)
[0905/024436.922:ERROR:process_memory_win.cc(73)] ReadMemory at 0x2830376a930 of 132 bytes failed: Only part of a ReadProcessMemory or WriteProcessMemory request was completed. (0x12B)
[0905/024436.922:ERROR:process_memory_win.cc(73)] ReadMemory at 0x2830376aa60 of 132 bytes failed: Only part of a ReadProcessMemory or WriteProcessMemory request was completed. (0x12B)
[0905/024436.922:ERROR:process_memory_win.cc(73)] ReadMemory at 0x2830376acc0 of 132 bytes failed: Only part of a ReadProcessMemory or WriteProcessMemory request was completed. (0x12B)
[0905/024436.922:ERROR:process_memory_win.cc(73)] ReadMemory at 0x2830376adf0 of 132 bytes failed: Only part of a ReadProcessMemory or WriteProcessMemory request was completed. (0x12B)
[0905/024436.922:ERROR:process_memory_win.cc(73)] ReadMemory at 0x2830376af20 of 132 bytes failed: Only part of a ReadProcessMemory or WriteProcessMemory request was completed. (0x12B)
[0905/024436.922:ERROR:process_memory_win.cc(73)] ReadMemory at 0x2830376b050 of 132 bytes failed: Only part of a ReadProcessMemory or WriteProcessMemory request was completed. (0x12B)
[0905/024436.922:ERROR:process_memory_win.cc(73)] ReadMemory at 0x2830376b180 of 132 bytes failed: Only part of a ReadProcessMemory or WriteProcessMemory request was completed. (0x12B)
[0905/024436.922:ERROR:process_memory_win.cc(73)] ReadMemory at 0x2830376b2b0 of 132 bytes failed: Only part of a ReadProcessMemory or WriteProcessMemory request was completed. (0x12B)
[0905/024436.922:ERROR:process_memory_win.cc(73)] ReadMemory at 0x2830376bcc0 of 80 bytes failed: Only part of a ReadProcessMemory or WriteProcessMemory request was completed. (0x12B)
[0905/024436.922:ERROR:process_memory_win.cc(73)] ReadMemory at 0x2830376bea0 of 76 bytes failed: Only part of a ReadProcessMemory or WriteProcessMemory request was completed. (0x12B)
[0905/024436.922:ERROR:process_memory_win.cc(73)] ReadMemory at 0x283037715c0 of 132 bytes failed: Only part of a ReadProcessMemory or WriteProcessMemory request was completed. (0x12B)
[0905/024436.922:ERROR:process_memory_win.cc(73)] ReadMemory at 0x283037719b0 of 132 bytes failed: Only part of a ReadProcessMemory or WriteProcessMemory request was completed. (0x12B)
[0905/024436.922:ERROR:process_memory_win.cc(73)] ReadMemory at 0x28303771c20 of 132 bytes failed: Only part of a ReadProcessMemory or WriteProcessMemory request was completed. (0x12B)
[0905/024436.922:ERROR:process_memory_win.cc(73)] ReadMemory at 0x28303771f60 of 62 bytes failed: Only part of a ReadProcessMemory or WriteProcessMemory request was completed. (0x12B)
[0905/024436.922:ERROR:process_memory_win.cc(73)] ReadMemory at 0x28303771fb0 of 62 bytes failed: Only part of a ReadProcessMemory or WriteProcessMemory request was completed. (0x12B)
[0905/024436.922:ERROR:process_memory_win.cc(73)] ReadMemory at 0x28303772000 of 60 bytes failed: Only part of a ReadProcessMemory or WriteProcessMemory request was completed. (0x12B)
[0905/024436.922:ERROR:process_memory_win.cc(73)] ReadMemory at 0x28303772050 of 62 bytes failed: Only part of a ReadProcessMemory or WriteProcessMemory request was completed. (0x12B)
[0905/024436.922:ERROR:process_memory_win.cc(73)] ReadMemory at 0x283037720f0 of 66 bytes failed: Only part of a ReadProcessMemory or WriteProcessMemory request was completed. (0x12B)
[0905/024436.922:ERROR:process_memory_win.cc(73)] ReadMemory at 0x28303772140 of 62 bytes failed: Only part of a ReadProcessMemory or WriteProcessMemory request was completed. (0x12B)
[0905/024436.969:ERROR:process_memory_win.cc(73)] ReadMemory at 0x28303772190 of 62 bytes failed: Only part of a ReadProcessMemory or WriteProcessMemory request was completed. (0x12B)
[0905/024436.969:ERROR:process_memory_win.cc(73)] ReadMemory at 0x283037721e0 of 60 bytes failed: Only part of a ReadProcessMemory or WriteProcessMemory request was completed. (0x12B)
[0905/024436.969:ERROR:process_memory_win.cc(73)] ReadMemory at 0x28303772230 of 64 bytes failed: Only part of a ReadProcessMemory or WriteProcessMemory request was completed. (0x12B)
[0905/024436.969:ERROR:process_memory_win.cc(73)] ReadMemory at 0x28303772280 of 60 bytes failed: Only part of a ReadProcessMemory or WriteProcessMemory request was completed. (0x12B)
[0905/024436.969:ERROR:process_memory_win.cc(73)] ReadMemory at 0x283037722d0 of 58 bytes failed: Only part of a ReadProcessMemory or WriteProcessMemory request was completed. (0x12B)
[0905/024436.969:ERROR:process_memory_win.cc(73)] ReadMemory at 0x28303772370 of 64 bytes failed: Only part of a ReadProcessMemory or WriteProcessMemory request was completed. (0x12B)
[0905/024436.969:ERROR:process_memory_win.cc(73)] ReadMemory at 0x28303772460 of 60 bytes failed: Only part of a ReadProcessMemory or WriteProcessMemory request was completed. (0x12B)
[0905/024436.969:ERROR:process_memory_win.cc(73)] ReadMemory at 0x28303772500 of 62 bytes failed: Only part of a ReadProcessMemory or WriteProcessMemory request was completed. (0x12B)
[0905/024436.969:ERROR:process_memory_win.cc(73)] ReadMemory at 0x28303772550 of 60 bytes failed: Only part of a ReadProcessMemory or WriteProcessMemory request was completed. (0x12B)
[0905/024436.969:ERROR:process_memory_win.cc(73)] ReadMemory at 0x283037725a0 of 62 bytes failed: Only part of a ReadProcessMemory or WriteProcessMemory request was completed. (0x12B)
[0905/024436.969:ERROR:process_memory_win.cc(73)] ReadMemory at 0x283037725f0 of 66 bytes failed: Only part of a ReadProcessMemory or WriteProcessMemory request was completed. (0x12B)
[0905/024436.969:ERROR:process_memory_win.cc(73)] ReadMemory at 0x28303772640 of 64 bytes failed: Only part of a ReadProcessMemory or WriteProcessMemory request was completed. (0x12B)
[0905/024436.969:ERROR:process_memory_win.cc(73)] ReadMemory at 0x283037726e0 of 60 bytes failed: Only part of a ReadProcessMemory or WriteProcessMemory request was completed. (0x12B)
[0905/024436.969:ERROR:process_memory_win.cc(73)] ReadMemory at 0x28303772820 of 64 bytes failed: Only part of a ReadProcessMemory or WriteProcessMemory request was completed. (0x12B)
[0905/024436.969:ERROR:process_memory_win.cc(73)] ReadMemory at 0x28303772910 of 60 bytes failed: Only part of a ReadProcessMemory or WriteProcessMemory request was completed. (0x12B)
[0905/024436.969:ERROR:process_memory_win.cc(73)] ReadMemory at 0x28303772c30 of 64 bytes failed: Only part of a ReadProcessMemory or WriteProcessMemory request was completed. (0x12B)
[0905/024436.969:ERROR:process_memory_win.cc(73)] ReadMemory at 0x28303772d20 of 64 bytes failed: Only part of a ReadProcessMemory or WriteProcessMemory request was completed. (0x12B)
[0905/024436.969:ERROR:process_memory_win.cc(73)] ReadMemory at 0x28303772d70 of 64 bytes failed: Only part of a ReadProcessMemory or WriteProcessMemory request was completed. (0x12B)
[0905/024436.969:ERROR:process_memory_win.cc(73)] ReadMemory at 0x28303772dc0 of 64 bytes failed: Only part of a ReadProcessMemory or WriteProcessMemory request was completed. (0x12B)
[0905/024436.969:ERROR:process_memory_win.cc(73)] ReadMemory at 0x28303772eb0 of 62 bytes failed: Only part of a ReadProcessMemory or WriteProcessMemory request was completed. (0x12B)
[0905/024436.969:ERROR:process_memory_win.cc(73)] ReadMemory at 0x28303774f40 of 132 bytes failed: Only part of a ReadProcessMemory or WriteProcessMemory request was completed. (0x12B)
[0905/024436.969:ERROR:process_memory_win.cc(73)] ReadMemory at 0x28303775170 of 132 bytes failed: Only part of a ReadProcessMemory or WriteProcessMemory request was completed. (0x12B)
[0905/024436.969:ERROR:process_memory_win.cc(73)] ReadMemory at 0x28303777ca0 of 132 bytes failed: Only part of a ReadProcessMemory or WriteProcessMemory request was completed. (0x12B)
[0905/024436.969:ERROR:process_memory_win.cc(73)] ReadMemory at 0x2830377da40 of 132 bytes failed: Only part of a ReadProcessMemory or WriteProcessMemory request was completed. (0x12B)
[0905/024436.969:ERROR:process_memory_win.cc(73)] ReadMemory at 0x2830377dca0 of 132 bytes failed: Only part of a ReadProcessMemory or WriteProcessMemory request was completed. (0x12B)
[0905/024436.969:ERROR:process_memory_win.cc(73)] ReadMemory at 0x2830377e3c0 of 132 bytes failed: Only part of a ReadProcessMemory or WriteProcessMemory request was completed. (0x12B)
[0905/024436.969:ERROR:process_memory_win.cc(73)] ReadMemory at 0x2830377e9b0 of 132 bytes failed: Only part of a ReadProcessMemory or WriteProcessMemory request was completed. (0x12B)
[0905/024436.969:ERROR:process_memory_win.cc(73)] ReadMemory at 0x2830377eae0 of 132 bytes failed: Only part of a ReadProcessMemory or WriteProcessMemory request was completed. (0x12B)
[0905/024436.969:ERROR:process_memory_win.cc(73)] ReadMemory at 0x2830377ed40 of 132 bytes failed: Only part of a ReadProcessMemory or WriteProcessMemory request was completed. (0x12B)
[0905/024436.969:ERROR:process_memory_win.cc(73)] ReadMemory at 0x2830377efa0 of 132 bytes failed: Only part of a ReadProcessMemory or WriteProcessMemory request was completed. (0x12B)
[0905/024436.969:ERROR:process_memory_win.cc(73)] ReadMemory at 0x2830377f0d0 of 132 bytes failed: Only part of a ReadProcessMemory or WriteProcessMemory request was completed. (0x12B)
[0905/024436.969:ERROR:process_memory_win.cc(73)] ReadMemory at 0x2830377f200 of 132 bytes failed: Only part of a ReadProcessMemory or WriteProcessMemory request was completed. (0x12B)
[0905/024436.969:ERROR:process_memory_win.cc(73)] ReadMemory at 0x2830377f460 of 132 bytes failed: Only part of a ReadProcessMemory or WriteProcessMemory request was completed. (0x12B)
[0905/024436.969:ERROR:process_memory_win.cc(73)] ReadMemory at 0x2830377f590 of 132 bytes failed: Only part of a ReadProcessMemory or WriteProcessMemory request was completed. (0x12B)
[0905/024436.969:ERROR:process_memory_win.cc(73)] ReadMemory at 0x2830377f6c0 of 132 bytes failed: Only part of a ReadProcessMemory or WriteProcessMemory request was completed. (0x12B)
[0905/024436.969:ERROR:process_memory_win.cc(73)] ReadMemory at 0x2830377f7f0 of 132 bytes failed: Only part of a ReadProcessMemory or WriteProcessMemory request was completed. (0x12B)
[0905/024436.969:ERROR:process_memory_win.cc(73)] ReadMemory at 0x283037863e0 of 48 bytes failed: Only part of a ReadProcessMemory or WriteProcessMemory request was completed. (0x12B)
[0905/024436.969:ERROR:process_memory_win.cc(73)] ReadMemory at 0x28303786ce0 of 48 bytes failed: Only part of a ReadProcessMemory or WriteProcessMemory request was completed. (0x12B)
[0905/024436.969:ERROR:process_memory_win.cc(73)] ReadMemory at 0x283037c81b0 of 124 bytes failed: Only part of a ReadProcessMemory or WriteProcessMemory request was completed. (0x12B)
[0905/024436.969:ERROR:process_memory_win.cc(73)] ReadMemory at 0x28303c502c0 of 40 bytes failed: Only part of a ReadProcessMemory or WriteProcessMemory request was completed. (0x12B)
[0905/024436.969:ERROR:process_memory_win.cc(73)] ReadMemory at 0x283055c0bd0 of 40 bytes failed: Only part of a ReadProcessMemory or WriteProcessMemory request was completed. (0x12B)
[0905/024436.969:ERROR:process_memory_win.cc(73)] ReadMemory at 0x7ff8aebde3b0 of 40 bytes failed: Only part of a ReadProcessMemory or WriteProcessMemory request was completed. (0x12B)
[0905/024436.969:ERROR:process_memory_win.cc(73)] ReadMemory at 0x7ff8bf938cb0 of 40 bytes failed: Only part of a ReadProcessMemory or WriteProcessMemory request was completed. (0x12B)
[0905/024436.969:ERROR:process_memory_win.cc(73)] ReadMemory at 0x7ff8c28df5b0 of 176 bytes failed: Only part of a ReadProcessMemory or WriteProcessMemory request was completed. (0x12B)
[0905/024436.969:ERROR:process_memory_win.cc(73)] ReadMemory at 0x7ff8c2c6c428 of 18 bytes failed: Only part of a ReadProcessMemory or WriteProcessMemory request was completed. (0x12B)
[0905/024436.969:ERROR:process_memory_win.cc(73)] ReadMemory at 0x7ff8c2c9f4f8 of 40 bytes failed: Only part of a ReadProcessMemory or WriteProcessMemory request was completed. (0x12B)
[0905/024436.969:ERROR:process_memory_win.cc(73)] ReadMemory at 0x7ff8c2c9f560 of 48 bytes failed: Only part of a ReadProcessMemory or WriteProcessMemory request was completed. (0x12B)
[0905/024436.969:ERROR:process_memory_win.cc(73)] ReadMemory at 0x7ff8c2c9f978 of 48 bytes failed: Only part of a ReadProcessMemory or WriteProcessMemory request was completed. (0x12B)
[0905/024436.969:ERROR:process_memory_win.cc(73)] ReadMemory at 0x7ff8c2ca3be0 of 40 bytes failed: Only part of a ReadProcessMemory or WriteProcessMemory request was completed. (0x12B)
[0905/024436.969:ERROR:process_memory_win.cc(73)] ReadMemory at 0x7ff8c2ca3d40 of 336 bytes failed: Only part of a ReadProcessMemory or WriteProcessMemory request was completed. (0x12B)
[0905/024436.969:ERROR:process_memory_win.cc(73)] ReadMemory at 0x7ff8c2ca53c0 of 64 bytes failed: Only part of a ReadProcessMemory or WriteProcessMemory request was completed. (0x12B)
[0905/024436.969:ERROR:scoped_process_suspend.cc(40)] NtResumeProcess: An attempt was made to access an exiting process. (0xc000010a)
